{"C:\\Users\\cardo\\01_Desarrollo\\Proyectos_Personales\\veoveo\\packages\\server\\src\\app.ts": {"path":"C:\\Users\\cardo\\01_Desarrollo\\Proyectos_Personales\\veoveo\\packages\\server\\src\\app.ts","statementMap":{"0":{"start":{"line":12,"column":6},"end":{"line":12,"column":null}},"1":{"start":{"line":13,"column":22},"end":{"line":13,"column":null}},"2":{"start":{"line":14,"column":18},"end":{"line":16,"column":null}},"3":{"start":{"line":17,"column":0},"end":{"line":17,"column":null}},"4":{"start":{"line":18,"column":0},"end":{"line":18,"column":null}},"5":{"start":{"line":19,"column":0},"end":{"line":19,"column":null}},"6":{"start":{"line":21,"column":0},"end":{"line":21,"column":null}},"7":{"start":{"line":22,"column":0},"end":{"line":22,"column":null}},"8":{"start":{"line":23,"column":0},"end":{"line":23,"column":null}},"9":{"start":{"line":24,"column":0},"end":{"line":24,"column":null}},"10":{"start":{"line":26,"column":0},"end":{"line":30,"column":null}},"11":{"start":{"line":27,"column":2},"end":{"line":29,"column":null}},"12":{"start":{"line":28,"column":4},"end":{"line":28,"column":null}}},"fnMap":{"0":{"name":"(anonymous_0)","decl":{"start":{"line":26,"column":20},"end":{"line":26,"column":21}},"loc":{"start":{"line":26,"column":32},"end":{"line":30,"column":1}},"line":26},"1":{"name":"(anonymous_1)","decl":{"start":{"line":27,"column":20},"end":{"line":27,"column":21}},"loc":{"start":{"line":27,"column":32},"end":{"line":29,"column":3}},"line":27}},"branchMap":{},"s":{"0":1,"1":1,"2":1,"3":1,"4":1,"5":1,"6":1,"7":1,"8":1,"9":1,"10":1,"11":0,"12":0},"f":{"0":0,"1":0},"b":{},"meta":{"lastBranch":0,"lastFunction":2,"lastStatement":13,"seen":{"s:12:6:12:Infinity":0,"s:13:22:13:Infinity":1,"s:14:18:16:Infinity":2,"s:17:0:17:Infinity":3,"s:18:0:18:Infinity":4,"s:19:0:19:Infinity":5,"s:21:0:21:Infinity":6,"s:22:0:22:Infinity":7,"s:23:0:23:Infinity":8,"s:24:0:24:Infinity":9,"s:26:0:30:Infinity":10,"f:26:20:26:21":0,"s:27:2:29:Infinity":11,"f:27:20:27:21":1,"s:28:4:28:Infinity":12}}}
,"C:\\Users\\cardo\\01_Desarrollo\\Proyectos_Personales\\veoveo\\packages\\server\\src\\core\\config\\jwt.ts": {"path":"C:\\Users\\cardo\\01_Desarrollo\\Proyectos_Personales\\veoveo\\packages\\server\\src\\core\\config\\jwt.ts","statementMap":{"0":{"start":{"line":3,"column":19},"end":{"line":3,"column":null}},"1":{"start":{"line":4,"column":27},"end":{"line":4,"column":null}},"2":{"start":{"line":7,"column":2},"end":{"line":16,"column":null}},"3":{"start":{"line":20,"column":2},"end":{"line":24,"column":null}},"4":{"start":{"line":28,"column":2},"end":{"line":28,"column":null}},"5":{"start":{"line":32,"column":2},"end":{"line":32,"column":null}}},"fnMap":{"0":{"name":"signAccessToken","decl":{"start":{"line":6,"column":16},"end":{"line":6,"column":32}},"loc":{"start":{"line":6,"column":99},"end":{"line":17,"column":null}},"line":6},"1":{"name":"signRefreshToken","decl":{"start":{"line":19,"column":16},"end":{"line":19,"column":33}},"loc":{"start":{"line":19,"column":49},"end":{"line":25,"column":null}},"line":19},"2":{"name":"verifyToken","decl":{"start":{"line":27,"column":16},"end":{"line":27,"column":28}},"loc":{"start":{"line":27,"column":48},"end":{"line":29,"column":null}},"line":27},"3":{"name":"verifyRefreshToken","decl":{"start":{"line":31,"column":16},"end":{"line":31,"column":35}},"loc":{"start":{"line":31,"column":55},"end":{"line":33,"column":null}},"line":31}},"branchMap":{"0":{"loc":{"start":{"line":4,"column":27},"end":{"line":4,"column":null}},"type":"binary-expr","locations":[{"start":{"line":4,"column":27},"end":{"line":4,"column":61}},{"start":{"line":4,"column":61},"end":{"line":4,"column":null}}],"line":4}},"s":{"0":1,"1":1,"2":0,"3":0,"4":0,"5":0},"f":{"0":0,"1":0,"2":0,"3":0},"b":{"0":[1,1]},"meta":{"lastBranch":1,"lastFunction":4,"lastStatement":6,"seen":{"s:3:19:3:Infinity":0,"s:4:27:4:Infinity":1,"b:4:27:4:61:4:61:4:Infinity":0,"f:6:16:6:32":0,"s:7:2:16:Infinity":2,"f:19:16:19:33":1,"s:20:2:24:Infinity":3,"f:27:16:27:28":2,"s:28:2:28:Infinity":4,"f:31:16:31:35":3,"s:32:2:32:Infinity":5}}}
,"C:\\Users\\cardo\\01_Desarrollo\\Proyectos_Personales\\veoveo\\packages\\server\\src\\core\\middleware\\authMiddleware.ts": {"path":"C:\\Users\\cardo\\01_Desarrollo\\Proyectos_Personales\\veoveo\\packages\\server\\src\\core\\middleware\\authMiddleware.ts","statementMap":{"0":{"start":{"line":4,"column":19},"end":{"line":4,"column":null}},"1":{"start":{"line":7,"column":2},"end":{"line":24,"column":null}},"2":{"start":{"line":8,"column":23},"end":{"line":8,"column":null}},"3":{"start":{"line":9,"column":4},"end":{"line":11,"column":null}},"4":{"start":{"line":10,"column":6},"end":{"line":10,"column":null}},"5":{"start":{"line":13,"column":18},"end":{"line":13,"column":null}},"6":{"start":{"line":14,"column":20},"end":{"line":14,"column":null}},"7":{"start":{"line":16,"column":4},"end":{"line":18,"column":null}},"8":{"start":{"line":17,"column":6},"end":{"line":17,"column":null}},"9":{"start":{"line":20,"column":4},"end":{"line":20,"column":null}},"10":{"start":{"line":21,"column":4},"end":{"line":21,"column":null}},"11":{"start":{"line":23,"column":4},"end":{"line":23,"column":null}}},"fnMap":{"0":{"name":"authMiddleware","decl":{"start":{"line":6,"column":16},"end":{"line":6,"column":31}},"loc":{"start":{"line":6,"column":80},"end":{"line":25,"column":null}},"line":6}},"branchMap":{"0":{"loc":{"start":{"line":9,"column":4},"end":{"line":11,"column":null}},"type":"if","locations":[{"start":{"line":9,"column":4},"end":{"line":11,"column":null}},{"start":{},"end":{}}],"line":9},"1":{"loc":{"start":{"line":9,"column":8},"end":{"line":9,"column":58}},"type":"binary-expr","locations":[{"start":{"line":9,"column":8},"end":{"line":9,"column":23}},{"start":{"line":9,"column":23},"end":{"line":9,"column":58}}],"line":9},"2":{"loc":{"start":{"line":16,"column":4},"end":{"line":18,"column":null}},"type":"if","locations":[{"start":{"line":16,"column":4},"end":{"line":18,"column":null}},{"start":{},"end":{}}],"line":16}},"s":{"0":1,"1":0,"2":0,"3":0,"4":0,"5":0,"6":0,"7":0,"8":0,"9":0,"10":0,"11":0},"f":{"0":0},"b":{"0":[0,0],"1":[0,0],"2":[0,0]},"meta":{"lastBranch":3,"lastFunction":1,"lastStatement":12,"seen":{"s:4:19:4:Infinity":0,"f:6:16:6:31":0,"s:7:2:24:Infinity":1,"s:8:23:8:Infinity":2,"b:9:4:11:Infinity:undefined:undefined:undefined:undefined":0,"s:9:4:11:Infinity":3,"b:9:8:9:23:9:23:9:58":1,"s:10:6:10:Infinity":4,"s:13:18:13:Infinity":5,"s:14:20:14:Infinity":6,"b:16:4:18:Infinity:undefined:undefined:undefined:undefined":2,"s:16:4:18:Infinity":7,"s:17:6:17:Infinity":8,"s:20:4:20:Infinity":9,"s:21:4:21:Infinity":10,"s:23:4:23:Infinity":11}}}
,"C:\\Users\\cardo\\01_Desarrollo\\Proyectos_Personales\\veoveo\\packages\\server\\src\\core\\middleware\\validate.ts": {"path":"C:\\Users\\cardo\\01_Desarrollo\\Proyectos_Personales\\veoveo\\packages\\server\\src\\core\\middleware\\validate.ts","statementMap":{"0":{"start":{"line":4,"column":24},"end":{"line":11,"column":null}},"1":{"start":{"line":4,"column":47},"end":{"line":11,"column":null}},"2":{"start":{"line":5,"column":2},"end":{"line":10,"column":null}},"3":{"start":{"line":6,"column":4},"end":{"line":6,"column":null}},"4":{"start":{"line":7,"column":4},"end":{"line":7,"column":null}},"5":{"start":{"line":9,"column":4},"end":{"line":9,"column":null}}},"fnMap":{"0":{"name":"(anonymous_0)","decl":{"start":{"line":4,"column":24},"end":{"line":4,"column":25}},"loc":{"start":{"line":4,"column":47},"end":{"line":11,"column":null}},"line":4},"1":{"name":"(anonymous_1)","decl":{"start":{"line":4,"column":47},"end":{"line":4,"column":48}},"loc":{"start":{"line":4,"column":100},"end":{"line":11,"column":null}},"line":4}},"branchMap":{},"s":{"0":1,"1":2,"2":0,"3":0,"4":0,"5":0},"f":{"0":2,"1":0},"b":{},"meta":{"lastBranch":0,"lastFunction":2,"lastStatement":6,"seen":{"s:4:24:11:Infinity":0,"f:4:24:4:25":0,"s:4:47:11:Infinity":1,"f:4:47:4:48":1,"s:5:2:10:Infinity":2,"s:6:4:6:Infinity":3,"s:7:4:7:Infinity":4,"s:9:4:9:Infinity":5}}}
,"C:\\Users\\cardo\\01_Desarrollo\\Proyectos_Personales\\veoveo\\packages\\server\\src\\features\\auth\\auth.controller.ts": {"path":"C:\\Users\\cardo\\01_Desarrollo\\Proyectos_Personales\\veoveo\\packages\\server\\src\\features\\auth\\auth.controller.ts","statementMap":{"0":{"start":{"line":7,"column":69},"end":{"line":7,"column":null}},"1":{"start":{"line":9,"column":2},"end":{"line":37,"column":null}},"2":{"start":{"line":10,"column":4},"end":{"line":12,"column":null}},"3":{"start":{"line":11,"column":6},"end":{"line":11,"column":null}},"4":{"start":{"line":13,"column":21},"end":{"line":13,"column":null}},"5":{"start":{"line":14,"column":4},"end":{"line":14,"column":null}},"6":{"start":{"line":14,"column":18},"end":{"line":14,"column":null}},"7":{"start":{"line":16,"column":19},"end":{"line":16,"column":null}},"8":{"start":{"line":17,"column":17},"end":{"line":17,"column":null}},"9":{"start":{"line":19,"column":10},"end":{"line":19,"column":null}},"10":{"start":{"line":20,"column":10},"end":{"line":20,"column":null}},"11":{"start":{"line":22,"column":4},"end":{"line":22,"column":null}},"12":{"start":{"line":23,"column":4},"end":{"line":23,"column":null}},"13":{"start":{"line":25,"column":4},"end":{"line":33,"column":null}},"14":{"start":{"line":35,"column":4},"end":{"line":35,"column":null}},"15":{"start":{"line":36,"column":4},"end":{"line":36,"column":null}},"16":{"start":{"line":42,"column":30},"end":{"line":42,"column":null}},"17":{"start":{"line":43,"column":2},"end":{"line":68,"column":null}},"18":{"start":{"line":44,"column":17},"end":{"line":44,"column":null}},"19":{"start":{"line":45,"column":4},"end":{"line":45,"column":null}},"20":{"start":{"line":45,"column":15},"end":{"line":45,"column":null}},"21":{"start":{"line":47,"column":18},"end":{"line":47,"column":null}},"22":{"start":{"line":48,"column":4},"end":{"line":48,"column":null}},"23":{"start":{"line":48,"column":16},"end":{"line":48,"column":null}},"24":{"start":{"line":50,"column":10},"end":{"line":50,"column":null}},"25":{"start":{"line":51,"column":10},"end":{"line":51,"column":null}},"26":{"start":{"line":54,"column":4},"end":{"line":54,"column":null}},"27":{"start":{"line":55,"column":4},"end":{"line":55,"column":null}},"28":{"start":{"line":57,"column":4},"end":{"line":64,"column":null}},"29":{"start":{"line":66,"column":4},"end":{"line":66,"column":null}},"30":{"start":{"line":67,"column":4},"end":{"line":67,"column":null}},"31":{"start":{"line":72,"column":27},"end":{"line":72,"column":null}},"32":{"start":{"line":73,"column":2},"end":{"line":75,"column":null}},"33":{"start":{"line":74,"column":4},"end":{"line":74,"column":null}},"34":{"start":{"line":77,"column":2},"end":{"line":100,"column":null}},"35":{"start":{"line":78,"column":10},"end":{"line":78,"column":null}},"36":{"start":{"line":79,"column":17},"end":{"line":79,"column":null}},"37":{"start":{"line":82,"column":4},"end":{"line":84,"column":null}},"38":{"start":{"line":83,"column":6},"end":{"line":83,"column":null}},"39":{"start":{"line":87,"column":10},"end":{"line":87,"column":null}},"40":{"start":{"line":88,"column":10},"end":{"line":88,"column":null}},"41":{"start":{"line":90,"column":4},"end":{"line":90,"column":null}},"42":{"start":{"line":91,"column":4},"end":{"line":91,"column":null}},"43":{"start":{"line":93,"column":4},"end":{"line":96,"column":null}},"44":{"start":{"line":98,"column":4},"end":{"line":98,"column":null}},"45":{"start":{"line":99,"column":4},"end":{"line":99,"column":null}}},"fnMap":{"0":{"name":"register","decl":{"start":{"line":6,"column":22},"end":{"line":6,"column":31}},"loc":{"start":{"line":6,"column":60},"end":{"line":38,"column":null}},"line":6},"1":{"name":"login","decl":{"start":{"line":41,"column":22},"end":{"line":41,"column":28}},"loc":{"start":{"line":41,"column":57},"end":{"line":69,"column":null}},"line":41},"2":{"name":"refresh","decl":{"start":{"line":71,"column":22},"end":{"line":71,"column":30}},"loc":{"start":{"line":71,"column":59},"end":{"line":101,"column":null}},"line":71}},"branchMap":{"0":{"loc":{"start":{"line":10,"column":4},"end":{"line":12,"column":null}},"type":"if","locations":[{"start":{"line":10,"column":4},"end":{"line":12,"column":null}},{"start":{},"end":{}}],"line":10},"1":{"loc":{"start":{"line":14,"column":4},"end":{"line":14,"column":null}},"type":"if","locations":[{"start":{"line":14,"column":4},"end":{"line":14,"column":null}},{"start":{},"end":{}}],"line":14},"2":{"loc":{"start":{"line":45,"column":4},"end":{"line":45,"column":null}},"type":"if","locations":[{"start":{"line":45,"column":4},"end":{"line":45,"column":null}},{"start":{},"end":{}}],"line":45},"3":{"loc":{"start":{"line":48,"column":4},"end":{"line":48,"column":null}},"type":"if","locations":[{"start":{"line":48,"column":4},"end":{"line":48,"column":null}},{"start":{},"end":{}}],"line":48},"4":{"loc":{"start":{"line":73,"column":2},"end":{"line":75,"column":null}},"type":"if","locations":[{"start":{"line":73,"column":2},"end":{"line":75,"column":null}},{"start":{},"end":{}}],"line":73},"5":{"loc":{"start":{"line":82,"column":4},"end":{"line":84,"column":null}},"type":"if","locations":[{"start":{"line":82,"column":4},"end":{"line":84,"column":null}},{"start":{},"end":{}}],"line":82},"6":{"loc":{"start":{"line":82,"column":8},"end":{"line":82,"column":53}},"type":"binary-expr","locations":[{"start":{"line":82,"column":8},"end":{"line":82,"column":17}},{"start":{"line":82,"column":17},"end":{"line":82,"column":53}}],"line":82}},"s":{"0":0,"1":0,"2":0,"3":0,"4":0,"5":0,"6":0,"7":0,"8":0,"9":0,"10":0,"11":0,"12":0,"13":0,"14":0,"15":0,"16":0,"17":0,"18":0,"19":0,"20":0,"21":0,"22":0,"23":0,"24":0,"25":0,"26":0,"27":0,"28":0,"29":0,"30":0,"31":0,"32":0,"33":0,"34":0,"35":0,"36":0,"37":0,"38":0,"39":0,"40":0,"41":0,"42":0,"43":0,"44":0,"45":0},"f":{"0":0,"1":0,"2":0},"b":{"0":[0,0],"1":[0,0],"2":[0,0],"3":[0,0],"4":[0,0],"5":[0,0],"6":[0,0]},"meta":{"lastBranch":7,"lastFunction":3,"lastStatement":46,"seen":{"f:6:22:6:31":0,"s:7:69:7:Infinity":0,"s:9:2:37:Infinity":1,"b:10:4:12:Infinity:undefined:undefined:undefined:undefined":0,"s:10:4:12:Infinity":2,"s:11:6:11:Infinity":3,"s:13:21:13:Infinity":4,"b:14:4:14:Infinity:undefined:undefined:undefined:undefined":1,"s:14:4:14:Infinity":5,"s:14:18:14:Infinity":6,"s:16:19:16:Infinity":7,"s:17:17:17:Infinity":8,"s:19:10:19:Infinity":9,"s:20:10:20:Infinity":10,"s:22:4:22:Infinity":11,"s:23:4:23:Infinity":12,"s:25:4:33:Infinity":13,"s:35:4:35:Infinity":14,"s:36:4:36:Infinity":15,"f:41:22:41:28":1,"s:42:30:42:Infinity":16,"s:43:2:68:Infinity":17,"s:44:17:44:Infinity":18,"b:45:4:45:Infinity:undefined:undefined:undefined:undefined":2,"s:45:4:45:Infinity":19,"s:45:15:45:Infinity":20,"s:47:18:47:Infinity":21,"b:48:4:48:Infinity:undefined:undefined:undefined:undefined":3,"s:48:4:48:Infinity":22,"s:48:16:48:Infinity":23,"s:50:10:50:Infinity":24,"s:51:10:51:Infinity":25,"s:54:4:54:Infinity":26,"s:55:4:55:Infinity":27,"s:57:4:64:Infinity":28,"s:66:4:66:Infinity":29,"s:67:4:67:Infinity":30,"f:71:22:71:30":2,"s:72:27:72:Infinity":31,"b:73:2:75:Infinity:undefined:undefined:undefined:undefined":4,"s:73:2:75:Infinity":32,"s:74:4:74:Infinity":33,"s:77:2:100:Infinity":34,"s:78:10:78:Infinity":35,"s:79:17:79:Infinity":36,"b:82:4:84:Infinity:undefined:undefined:undefined:undefined":5,"s:82:4:84:Infinity":37,"b:82:8:82:17:82:17:82:53":6,"s:83:6:83:Infinity":38,"s:87:10:87:Infinity":39,"s:88:10:88:Infinity":40,"s:90:4:90:Infinity":41,"s:91:4:91:Infinity":42,"s:93:4:96:Infinity":43,"s:98:4:98:Infinity":44,"s:99:4:99:Infinity":45}}}
,"C:\\Users\\cardo\\01_Desarrollo\\Proyectos_Personales\\veoveo\\packages\\server\\src\\features\\auth\\auth.routes.ts": {"path":"C:\\Users\\cardo\\01_Desarrollo\\Proyectos_Personales\\veoveo\\packages\\server\\src\\features\\auth\\auth.routes.ts","statementMap":{"0":{"start":{"line":6,"column":6},"end":{"line":6,"column":null}},"1":{"start":{"line":8,"column":0},"end":{"line":8,"column":null}},"2":{"start":{"line":9,"column":0},"end":{"line":9,"column":null}},"3":{"start":{"line":10,"column":0},"end":{"line":10,"column":null}}},"fnMap":{},"branchMap":{},"s":{"0":1,"1":1,"2":1,"3":1},"f":{},"b":{},"meta":{"lastBranch":0,"lastFunction":0,"lastStatement":4,"seen":{"s:6:6:6:Infinity":0,"s:8:0:8:Infinity":1,"s:9:0:9:Infinity":2,"s:10:0:10:Infinity":3}}}
,"C:\\Users\\cardo\\01_Desarrollo\\Proyectos_Personales\\veoveo\\packages\\server\\src\\features\\media\\media.model.ts": {"path":"C:\\Users\\cardo\\01_Desarrollo\\Proyectos_Personales\\veoveo\\packages\\server\\src\\features\\media\\media.model.ts","statementMap":{"0":{"start":{"line":20,"column":25},"end":{"line":35,"column":null}},"1":{"start":{"line":37,"column":6},"end":{"line":37,"column":null}}},"fnMap":{},"branchMap":{},"s":{"0":1,"1":1},"f":{},"b":{},"meta":{"lastBranch":0,"lastFunction":0,"lastStatement":2,"seen":{"s:20:25:35:Infinity":0,"s:37:6:37:Infinity":1}}}
,"C:\\Users\\cardo\\01_Desarrollo\\Proyectos_Personales\\veoveo\\packages\\server\\src\\features\\media\\media.service.ts": {"path":"C:\\Users\\cardo\\01_Desarrollo\\Proyectos_Personales\\veoveo\\packages\\server\\src\\features\\media\\media.service.ts","statementMap":{"0":{"start":{"line":4,"column":16},"end":{"line":4,"column":null}},"1":{"start":{"line":14,"column":2},"end":{"line":14,"column":null}},"2":{"start":{"line":14,"column":11},"end":{"line":14,"column":null}},"3":{"start":{"line":17,"column":17},"end":{"line":17,"column":null}},"4":{"start":{"line":18,"column":2},"end":{"line":18,"column":null}},"5":{"start":{"line":18,"column":14},"end":{"line":18,"column":null}},"6":{"start":{"line":21,"column":2},"end":{"line":57,"column":null}},"7":{"start":{"line":22,"column":16},"end":{"line":22,"column":null}},"8":{"start":{"line":23,"column":16},"end":{"line":26,"column":null}},"9":{"start":{"line":28,"column":4},"end":{"line":33,"column":null}},"10":{"start":{"line":29,"column":6},"end":{"line":31,"column":null}},"11":{"start":{"line":32,"column":6},"end":{"line":32,"column":null}},"12":{"start":{"line":35,"column":17},"end":{"line":35,"column":null}},"13":{"start":{"line":38,"column":21},"end":{"line":50,"column":null}},"14":{"start":{"line":52,"column":4},"end":{"line":52,"column":null}},"15":{"start":{"line":53,"column":4},"end":{"line":53,"column":null}},"16":{"start":{"line":55,"column":4},"end":{"line":55,"column":null}},"17":{"start":{"line":56,"column":4},"end":{"line":56,"column":null}},"18":{"start":{"line":70,"column":2},"end":{"line":70,"column":null}},"19":{"start":{"line":70,"column":36},"end":{"line":70,"column":null}},"20":{"start":{"line":73,"column":14},"end":{"line":73,"column":null}},"21":{"start":{"line":73,"column":34},"end":{"line":73,"column":47}},"22":{"start":{"line":74,"column":20},"end":{"line":74,"column":null}},"23":{"start":{"line":77,"column":21},"end":{"line":79,"column":null}},"24":{"start":{"line":82,"column":19},"end":{"line":82,"column":null}},"25":{"start":{"line":83,"column":2},"end":{"line":85,"column":null}},"26":{"start":{"line":84,"column":4},"end":{"line":84,"column":null}},"27":{"start":{"line":88,"column":2},"end":{"line":115,"column":null}},"28":{"start":{"line":89,"column":15},"end":{"line":89,"column":null}},"29":{"start":{"line":90,"column":21},"end":{"line":90,"column":null}},"30":{"start":{"line":92,"column":4},"end":{"line":100,"column":null}},"31":{"start":{"line":95,"column":6},"end":{"line":99,"column":null}},"32":{"start":{"line":102,"column":4},"end":{"line":114,"column":null}}},"fnMap":{"0":{"name":"ensureMediaInCache","decl":{"start":{"line":11,"column":22},"end":{"line":11,"column":null}},"loc":{"start":{"line":13,"column":31},"end":{"line":58,"column":null}},"line":13},"1":{"name":"enrichMediaList","decl":{"start":{"line":66,"column":22},"end":{"line":66,"column":null}},"loc":{"start":{"line":69,"column":18},"end":{"line":116,"column":null}},"line":69},"2":{"name":"(anonymous_2)","decl":{"start":{"line":73,"column":24},"end":{"line":73,"column":25}},"loc":{"start":{"line":73,"column":34},"end":{"line":73,"column":47}},"line":73},"3":{"name":"(anonymous_3)","decl":{"start":{"line":83,"column":21},"end":{"line":83,"column":22}},"loc":{"start":{"line":83,"column":30},"end":{"line":85,"column":3}},"line":83},"4":{"name":"(anonymous_4)","decl":{"start":{"line":88,"column":19},"end":{"line":88,"column":20}},"loc":{"start":{"line":88,"column":29},"end":{"line":115,"column":3}},"line":88}},"branchMap":{"0":{"loc":{"start":{"line":14,"column":2},"end":{"line":14,"column":null}},"type":"if","locations":[{"start":{"line":14,"column":2},"end":{"line":14,"column":null}},{"start":{},"end":{}}],"line":14},"1":{"loc":{"start":{"line":18,"column":2},"end":{"line":18,"column":null}},"type":"if","locations":[{"start":{"line":18,"column":2},"end":{"line":18,"column":null}},{"start":{},"end":{}}],"line":18},"2":{"loc":{"start":{"line":28,"column":4},"end":{"line":33,"column":null}},"type":"if","locations":[{"start":{"line":28,"column":4},"end":{"line":33,"column":null}},{"start":{},"end":{}}],"line":28},"3":{"loc":{"start":{"line":41,"column":13},"end":{"line":41,"column":null}},"type":"binary-expr","locations":[{"start":{"line":41,"column":13},"end":{"line":41,"column":34}},{"start":{"line":41,"column":34},"end":{"line":41,"column":56}},{"start":{"line":41,"column":56},"end":{"line":41,"column":null}}],"line":41},"4":{"loc":{"start":{"line":42,"column":12},"end":{"line":42,"column":null}},"type":"binary-expr","locations":[{"start":{"line":42,"column":12},"end":{"line":42,"column":30}},{"start":{"line":42,"column":30},"end":{"line":42,"column":null}}],"line":42},"5":{"loc":{"start":{"line":44,"column":14},"end":{"line":44,"column":null}},"type":"binary-expr","locations":[{"start":{"line":44,"column":14},"end":{"line":44,"column":29}},{"start":{"line":44,"column":29},"end":{"line":44,"column":null}}],"line":44},"6":{"loc":{"start":{"line":45,"column":14},"end":{"line":45,"column":null}},"type":"binary-expr","locations":[{"start":{"line":45,"column":14},"end":{"line":45,"column":46}},{"start":{"line":45,"column":46},"end":{"line":45,"column":null}}],"line":45},"7":{"loc":{"start":{"line":46,"column":19},"end":{"line":46,"column":null}},"type":"binary-expr","locations":[{"start":{"line":46,"column":19},"end":{"line":46,"column":32}},{"start":{"line":46,"column":32},"end":{"line":46,"column":null}}],"line":46},"8":{"loc":{"start":{"line":47,"column":14},"end":{"line":47,"column":null}},"type":"binary-expr","locations":[{"start":{"line":47,"column":14},"end":{"line":47,"column":40}},{"start":{"line":47,"column":40},"end":{"line":47,"column":null}}],"line":47},"9":{"loc":{"start":{"line":48,"column":16},"end":{"line":48,"column":null}},"type":"binary-expr","locations":[{"start":{"line":48,"column":16},"end":{"line":48,"column":42}},{"start":{"line":48,"column":42},"end":{"line":48,"column":null}}],"line":48},"10":{"loc":{"start":{"line":70,"column":2},"end":{"line":70,"column":null}},"type":"if","locations":[{"start":{"line":70,"column":2},"end":{"line":70,"column":null}},{"start":{},"end":{}}],"line":70},"11":{"loc":{"start":{"line":70,"column":6},"end":{"line":70,"column":36}},"type":"binary-expr","locations":[{"start":{"line":70,"column":6},"end":{"line":70,"column":16}},{"start":{"line":70,"column":16},"end":{"line":70,"column":36}}],"line":70},"12":{"loc":{"start":{"line":92,"column":4},"end":{"line":100,"column":null}},"type":"if","locations":[{"start":{"line":92,"column":4},"end":{"line":100,"column":null}},{"start":{},"end":{}}],"line":92}},"s":{"0":1,"1":0,"2":0,"3":0,"4":0,"5":0,"6":0,"7":0,"8":0,"9":0,"10":0,"11":0,"12":0,"13":0,"14":0,"15":0,"16":0,"17":0,"18":0,"19":0,"20":0,"21":0,"22":0,"23":0,"24":0,"25":0,"26":0,"27":0,"28":0,"29":0,"30":0,"31":0,"32":0},"f":{"0":0,"1":0,"2":0,"3":0,"4":0},"b":{"0":[0,0],"1":[0,0],"2":[0,0],"3":[0,0,0],"4":[0,0],"5":[0,0],"6":[0,0],"7":[0,0],"8":[0,0],"9":[0,0],"10":[0,0],"11":[0,0],"12":[0,0]},"meta":{"lastBranch":13,"lastFunction":5,"lastStatement":33,"seen":{"s:4:16:4:Infinity":0,"f:11:22:11:Infinity":0,"b:14:2:14:Infinity:undefined:undefined:undefined:undefined":0,"s:14:2:14:Infinity":1,"s:14:11:14:Infinity":2,"s:17:17:17:Infinity":3,"b:18:2:18:Infinity:undefined:undefined:undefined:undefined":1,"s:18:2:18:Infinity":4,"s:18:14:18:Infinity":5,"s:21:2:57:Infinity":6,"s:22:16:22:Infinity":7,"s:23:16:26:Infinity":8,"b:28:4:33:Infinity:undefined:undefined:undefined:undefined":2,"s:28:4:33:Infinity":9,"s:29:6:31:Infinity":10,"s:32:6:32:Infinity":11,"s:35:17:35:Infinity":12,"s:38:21:50:Infinity":13,"b:41:13:41:34:41:34:41:56:41:56:41:Infinity":3,"b:42:12:42:30:42:30:42:Infinity":4,"b:44:14:44:29:44:29:44:Infinity":5,"b:45:14:45:46:45:46:45:Infinity":6,"b:46:19:46:32:46:32:46:Infinity":7,"b:47:14:47:40:47:40:47:Infinity":8,"b:48:16:48:42:48:42:48:Infinity":9,"s:52:4:52:Infinity":14,"s:53:4:53:Infinity":15,"s:55:4:55:Infinity":16,"s:56:4:56:Infinity":17,"f:66:22:66:Infinity":1,"b:70:2:70:Infinity:undefined:undefined:undefined:undefined":10,"s:70:2:70:Infinity":18,"b:70:6:70:16:70:16:70:36":11,"s:70:36:70:Infinity":19,"s:73:14:73:Infinity":20,"f:73:24:73:25":2,"s:73:34:73:47":21,"s:74:20:74:Infinity":22,"s:77:21:79:Infinity":23,"s:82:19:82:Infinity":24,"s:83:2:85:Infinity":25,"f:83:21:83:22":3,"s:84:4:84:Infinity":26,"s:88:2:115:Infinity":27,"f:88:19:88:20":4,"s:89:15:89:Infinity":28,"s:90:21:90:Infinity":29,"b:92:4:100:Infinity:undefined:undefined:undefined:undefined":12,"s:92:4:100:Infinity":30,"s:95:6:99:Infinity":31,"s:102:4:114:Infinity":32}}}
,"C:\\Users\\cardo\\01_Desarrollo\\Proyectos_Personales\\veoveo\\packages\\server\\src\\features\\movies\\imdb.controller.ts": {"path":"C:\\Users\\cardo\\01_Desarrollo\\Proyectos_Personales\\veoveo\\packages\\server\\src\\features\\movies\\imdb.controller.ts","statementMap":{"0":{"start":{"line":3,"column":16},"end":{"line":3,"column":null}},"1":{"start":{"line":12,"column":2},"end":{"line":12,"column":null}},"2":{"start":{"line":12,"column":55},"end":{"line":12,"column":null}},"3":{"start":{"line":14,"column":53},"end":{"line":14,"column":null}},"4":{"start":{"line":16,"column":30},"end":{"line":16,"column":null}},"5":{"start":{"line":17,"column":2},"end":{"line":19,"column":null}},"6":{"start":{"line":17,"column":15},"end":{"line":17,"column":18}},"7":{"start":{"line":18,"column":4},"end":{"line":18,"column":null}},"8":{"start":{"line":21,"column":25},"end":{"line":21,"column":null}},"9":{"start":{"line":23,"column":2},"end":{"line":49,"column":null}},"10":{"start":{"line":23,"column":15},"end":{"line":23,"column":18}},"11":{"start":{"line":24,"column":18},"end":{"line":24,"column":null}},"12":{"start":{"line":25,"column":21},"end":{"line":42,"column":null}},"13":{"start":{"line":26,"column":6},"end":{"line":26,"column":null}},"14":{"start":{"line":26,"column":55},"end":{"line":26,"column":null}},"15":{"start":{"line":27,"column":18},"end":{"line":27,"column":null}},"16":{"start":{"line":28,"column":18},"end":{"line":31,"column":null}},"17":{"start":{"line":32,"column":6},"end":{"line":40,"column":null}},"18":{"start":{"line":34,"column":22},"end":{"line":34,"column":null}},"19":{"start":{"line":35,"column":8},"end":{"line":38,"column":null}},"20":{"start":{"line":39,"column":8},"end":{"line":39,"column":null}},"21":{"start":{"line":41,"column":6},"end":{"line":41,"column":null}},"22":{"start":{"line":43,"column":19},"end":{"line":43,"column":null}},"23":{"start":{"line":44,"column":4},"end":{"line":44,"column":null}},"24":{"start":{"line":46,"column":4},"end":{"line":48,"column":null}},"25":{"start":{"line":47,"column":6},"end":{"line":47,"column":null}},"26":{"start":{"line":47,"column":37},"end":{"line":47,"column":65}},"27":{"start":{"line":51,"column":2},"end":{"line":51,"column":null}},"28":{"start":{"line":58,"column":27},"end":{"line":58,"column":null}},"29":{"start":{"line":60,"column":2},"end":{"line":62,"column":null}},"30":{"start":{"line":61,"column":4},"end":{"line":61,"column":null}},"31":{"start":{"line":64,"column":2},"end":{"line":69,"column":null}},"32":{"start":{"line":65,"column":19},"end":{"line":65,"column":null}},"33":{"start":{"line":66,"column":4},"end":{"line":66,"column":null}},"34":{"start":{"line":68,"column":4},"end":{"line":68,"column":null}}},"fnMap":{"0":{"name":"fetchMoviesBatchRaw","decl":{"start":{"line":5,"column":22},"end":{"line":5,"column":null}},"loc":{"start":{"line":11,"column":2},"end":{"line":52,"column":null}},"line":11},"1":{"name":"(anonymous_1)","decl":{"start":{"line":25,"column":31},"end":{"line":25,"column":38}},"loc":{"start":{"line":25,"column":45},"end":{"line":42,"column":5}},"line":25},"2":{"name":"(anonymous_2)","decl":{"start":{"line":47,"column":24},"end":{"line":47,"column":25}},"loc":{"start":{"line":47,"column":37},"end":{"line":47,"column":65}},"line":47},"3":{"name":"fetchMoviesBatchRawController","decl":{"start":{"line":54,"column":22},"end":{"line":54,"column":null}},"loc":{"start":{"line":57,"column":2},"end":{"line":70,"column":null}},"line":57}},"branchMap":{"0":{"loc":{"start":{"line":12,"column":2},"end":{"line":12,"column":null}},"type":"if","locations":[{"start":{"line":12,"column":2},"end":{"line":12,"column":null}},{"start":{},"end":{}}],"line":12},"1":{"loc":{"start":{"line":12,"column":6},"end":{"line":12,"column":55}},"type":"binary-expr","locations":[{"start":{"line":12,"column":6},"end":{"line":12,"column":14}},{"start":{"line":12,"column":14},"end":{"line":12,"column":37}},{"start":{"line":12,"column":37},"end":{"line":12,"column":55}}],"line":12},"2":{"loc":{"start":{"line":14,"column":10},"end":{"line":14,"column":34}},"type":"default-arg","locations":[{"start":{"line":14,"column":31},"end":{"line":14,"column":34}}],"line":14},"3":{"loc":{"start":{"line":14,"column":34},"end":{"line":14,"column":49}},"type":"default-arg","locations":[{"start":{"line":14,"column":44},"end":{"line":14,"column":49}}],"line":14},"4":{"loc":{"start":{"line":14,"column":53},"end":{"line":14,"column":null}},"type":"binary-expr","locations":[{"start":{"line":14,"column":53},"end":{"line":14,"column":64}},{"start":{"line":14,"column":64},"end":{"line":14,"column":null}}],"line":14},"5":{"loc":{"start":{"line":26,"column":6},"end":{"line":26,"column":null}},"type":"if","locations":[{"start":{"line":26,"column":6},"end":{"line":26,"column":null}},{"start":{},"end":{}}],"line":26},"6":{"loc":{"start":{"line":26,"column":10},"end":{"line":26,"column":55}},"type":"binary-expr","locations":[{"start":{"line":26,"column":10},"end":{"line":26,"column":17}},{"start":{"line":26,"column":17},"end":{"line":26,"column":43}},{"start":{"line":26,"column":43},"end":{"line":26,"column":55}}],"line":26},"7":{"loc":{"start":{"line":32,"column":6},"end":{"line":40,"column":null}},"type":"if","locations":[{"start":{"line":32,"column":6},"end":{"line":40,"column":null}},{"start":{},"end":{}}],"line":32},"8":{"loc":{"start":{"line":34,"column":22},"end":{"line":34,"column":null}},"type":"cond-expr","locations":[{"start":{"line":34,"column":47},"end":{"line":34,"column":52}},{"start":{"line":34,"column":52},"end":{"line":34,"column":null}}],"line":34},"9":{"loc":{"start":{"line":46,"column":4},"end":{"line":48,"column":null}},"type":"if","locations":[{"start":{"line":46,"column":4},"end":{"line":48,"column":null}},{"start":{},"end":{}}],"line":46},"10":{"loc":{"start":{"line":60,"column":2},"end":{"line":62,"column":null}},"type":"if","locations":[{"start":{"line":60,"column":2},"end":{"line":62,"column":null}},{"start":{},"end":{}}],"line":60},"11":{"loc":{"start":{"line":60,"column":6},"end":{"line":60,"column":35}},"type":"binary-expr","locations":[{"start":{"line":60,"column":6},"end":{"line":60,"column":14}},{"start":{"line":60,"column":14},"end":{"line":60,"column":35}}],"line":60}},"s":{"0":1,"1":0,"2":0,"3":0,"4":0,"5":0,"6":0,"7":0,"8":0,"9":0,"10":0,"11":0,"12":0,"13":0,"14":0,"15":0,"16":0,"17":0,"18":0,"19":0,"20":0,"21":0,"22":0,"23":0,"24":0,"25":0,"26":0,"27":0,"28":0,"29":0,"30":0,"31":0,"32":0,"33":0,"34":0},"f":{"0":0,"1":0,"2":0,"3":0},"b":{"0":[0,0],"1":[0,0,0],"2":[0],"3":[0],"4":[0,0],"5":[0,0],"6":[0,0,0],"7":[0,0],"8":[0,0],"9":[0,0],"10":[0,0],"11":[0,0]},"meta":{"lastBranch":12,"lastFunction":4,"lastStatement":35,"seen":{"s:3:16:3:Infinity":0,"f:5:22:5:Infinity":0,"b:12:2:12:Infinity:undefined:undefined:undefined:undefined":0,"s:12:2:12:Infinity":1,"b:12:6:12:14:12:14:12:37:12:37:12:55":1,"s:12:55:12:Infinity":2,"s:14:53:14:Infinity":3,"b:14:31:14:34":2,"b:14:44:14:49":3,"b:14:53:14:64:14:64:14:Infinity":4,"s:16:30:16:Infinity":4,"s:17:2:19:Infinity":5,"s:17:15:17:18":6,"s:18:4:18:Infinity":7,"s:21:25:21:Infinity":8,"s:23:2:49:Infinity":9,"s:23:15:23:18":10,"s:24:18:24:Infinity":11,"s:25:21:42:Infinity":12,"f:25:31:25:38":1,"b:26:6:26:Infinity:undefined:undefined:undefined:undefined":5,"s:26:6:26:Infinity":13,"b:26:10:26:17:26:17:26:43:26:43:26:55":6,"s:26:55:26:Infinity":14,"s:27:18:27:Infinity":15,"s:28:18:31:Infinity":16,"b:32:6:40:Infinity:undefined:undefined:undefined:undefined":7,"s:32:6:40:Infinity":17,"s:34:22:34:Infinity":18,"b:34:47:34:52:34:52:34:Infinity":8,"s:35:8:38:Infinity":19,"s:39:8:39:Infinity":20,"s:41:6:41:Infinity":21,"s:43:19:43:Infinity":22,"s:44:4:44:Infinity":23,"b:46:4:48:Infinity:undefined:undefined:undefined:undefined":9,"s:46:4:48:Infinity":24,"s:47:6:47:Infinity":25,"f:47:24:47:25":2,"s:47:37:47:65":26,"s:51:2:51:Infinity":27,"f:54:22:54:Infinity":3,"s:58:27:58:Infinity":28,"b:60:2:62:Infinity:undefined:undefined:undefined:undefined":10,"s:60:2:62:Infinity":29,"b:60:6:60:14:60:14:60:35":11,"s:61:4:61:Infinity":30,"s:64:2:69:Infinity":31,"s:65:19:65:Infinity":32,"s:66:4:66:Infinity":33,"s:68:4:68:Infinity":34}}}
,"C:\\Users\\cardo\\01_Desarrollo\\Proyectos_Personales\\veoveo\\packages\\server\\src\\features\\movies\\imdb.routes.ts": {"path":"C:\\Users\\cardo\\01_Desarrollo\\Proyectos_Personales\\veoveo\\packages\\server\\src\\features\\movies\\imdb.routes.ts","statementMap":{"0":{"start":{"line":7,"column":6},"end":{"line":7,"column":null}},"1":{"start":{"line":9,"column":0},"end":{"line":9,"column":null}},"2":{"start":{"line":12,"column":0},"end":{"line":12,"column":null}}},"fnMap":{},"branchMap":{},"s":{"0":1,"1":1,"2":1},"f":{},"b":{},"meta":{"lastBranch":0,"lastFunction":0,"lastStatement":3,"seen":{"s:7:6:7:Infinity":0,"s:9:0:9:Infinity":1,"s:12:0:12:Infinity":2}}}
,"C:\\Users\\cardo\\01_Desarrollo\\Proyectos_Personales\\veoveo\\packages\\server\\src\\features\\movies\\movie.controller.ts": {"path":"C:\\Users\\cardo\\01_Desarrollo\\Proyectos_Personales\\veoveo\\packages\\server\\src\\features\\movies\\movie.controller.ts","statementMap":{"0":{"start":{"line":13,"column":19},"end":{"line":50,"column":null}},"1":{"start":{"line":52,"column":2},"end":{"line":52,"column":null}},"2":{"start":{"line":57,"column":16},"end":{"line":57,"column":null}},"3":{"start":{"line":58,"column":2},"end":{"line":58,"column":null}},"4":{"start":{"line":58,"column":14},"end":{"line":58,"column":null}},"5":{"start":{"line":60,"column":2},"end":{"line":74,"column":null}},"6":{"start":{"line":78,"column":17},"end":{"line":78,"column":null}},"7":{"start":{"line":79,"column":43},"end":{"line":79,"column":null}},"8":{"start":{"line":81,"column":15},"end":{"line":81,"column":null}},"9":{"start":{"line":82,"column":2},"end":{"line":82,"column":null}},"10":{"start":{"line":82,"column":13},"end":{"line":82,"column":null}},"11":{"start":{"line":85,"column":2},"end":{"line":85,"column":null}},"12":{"start":{"line":87,"column":16},"end":{"line":87,"column":null}},"13":{"start":{"line":87,"column":50},"end":{"line":87,"column":74}},"14":{"start":{"line":90,"column":2},"end":{"line":103,"column":null}},"15":{"start":{"line":91,"column":4},"end":{"line":91,"column":null}},"16":{"start":{"line":92,"column":4},"end":{"line":95,"column":null}},"17":{"start":{"line":93,"column":18},"end":{"line":93,"column":null}},"18":{"start":{"line":94,"column":6},"end":{"line":94,"column":null}},"19":{"start":{"line":97,"column":4},"end":{"line":102,"column":null}},"20":{"start":{"line":104,"column":2},"end":{"line":104,"column":null}},"21":{"start":{"line":106,"column":2},"end":{"line":106,"column":null}},"22":{"start":{"line":108,"column":2},"end":{"line":111,"column":null}},"23":{"start":{"line":113,"column":2},"end":{"line":113,"column":null}},"24":{"start":{"line":119,"column":17},"end":{"line":119,"column":null}},"25":{"start":{"line":120,"column":22},"end":{"line":120,"column":null}},"26":{"start":{"line":122,"column":15},"end":{"line":122,"column":null}},"27":{"start":{"line":123,"column":2},"end":{"line":123,"column":null}},"28":{"start":{"line":123,"column":13},"end":{"line":123,"column":null}},"29":{"start":{"line":125,"column":21},"end":{"line":125,"column":null}},"30":{"start":{"line":125,"column":57},"end":{"line":125,"column":78}},"31":{"start":{"line":127,"column":2},"end":{"line":140,"column":null}},"32":{"start":{"line":128,"column":23},"end":{"line":128,"column":null}},"33":{"start":{"line":129,"column":4},"end":{"line":139,"column":null}},"34":{"start":{"line":131,"column":6},"end":{"line":131,"column":null}},"35":{"start":{"line":133,"column":6},"end":{"line":135,"column":null}},"36":{"start":{"line":134,"column":8},"end":{"line":134,"column":null}},"37":{"start":{"line":138,"column":6},"end":{"line":138,"column":null}},"38":{"start":{"line":142,"column":2},"end":{"line":142,"column":null}},"39":{"start":{"line":144,"column":2},"end":{"line":146,"column":null}},"40":{"start":{"line":148,"column":2},"end":{"line":148,"column":null}},"41":{"start":{"line":154,"column":17},"end":{"line":154,"column":null}},"42":{"start":{"line":155,"column":22},"end":{"line":155,"column":null}},"43":{"start":{"line":157,"column":15},"end":{"line":157,"column":null}},"44":{"start":{"line":158,"column":2},"end":{"line":158,"column":null}},"45":{"start":{"line":158,"column":13},"end":{"line":158,"column":null}},"46":{"start":{"line":161,"column":17},"end":{"line":161,"column":null}},"47":{"start":{"line":164,"column":2},"end":{"line":166,"column":null}},"48":{"start":{"line":165,"column":4},"end":{"line":165,"column":null}},"49":{"start":{"line":168,"column":2},"end":{"line":176,"column":null}},"50":{"start":{"line":169,"column":4},"end":{"line":169,"column":null}},"51":{"start":{"line":169,"column":53},"end":{"line":169,"column":67}},"52":{"start":{"line":171,"column":4},"end":{"line":171,"column":null}},"53":{"start":{"line":172,"column":4},"end":{"line":172,"column":null}},"54":{"start":{"line":173,"column":4},"end":{"line":173,"column":null}},"55":{"start":{"line":175,"column":4},"end":{"line":175,"column":null}},"56":{"start":{"line":177,"column":2},"end":{"line":177,"column":null}},"57":{"start":{"line":179,"column":2},"end":{"line":183,"column":null}},"58":{"start":{"line":184,"column":2},"end":{"line":184,"column":null}},"59":{"start":{"line":188,"column":17},"end":{"line":188,"column":null}},"60":{"start":{"line":191,"column":16},"end":{"line":191,"column":null}},"61":{"start":{"line":192,"column":19},"end":{"line":297,"column":null}},"62":{"start":{"line":299,"column":2},"end":{"line":299,"column":null}},"63":{"start":{"line":299,"column":15},"end":{"line":299,"column":null}},"64":{"start":{"line":301,"column":19},"end":{"line":308,"column":null}},"65":{"start":{"line":310,"column":2},"end":{"line":310,"column":null}}},"fnMap":{"0":{"name":"getEnrichedWatchedMovie","decl":{"start":{"line":9,"column":15},"end":{"line":9,"column":null}},"loc":{"start":{"line":12,"column":2},"end":{"line":53,"column":null}},"line":12},"1":{"name":"getEnrichedWatchLaterMovie","decl":{"start":{"line":56,"column":15},"end":{"line":56,"column":42}},"loc":{"start":{"line":56,"column":59},"end":{"line":75,"column":null}},"line":56},"2":{"name":"addOrIncrementWatched","decl":{"start":{"line":77,"column":22},"end":{"line":77,"column":44}},"loc":{"start":{"line":77,"column":73},"end":{"line":114,"column":null}},"line":77},"3":{"name":"(anonymous_3)","decl":{"start":{"line":87,"column":40},"end":{"line":87,"column":41}},"loc":{"start":{"line":87,"column":50},"end":{"line":87,"column":74}},"line":87},"4":{"name":"resetWatched","decl":{"start":{"line":118,"column":22},"end":{"line":118,"column":35}},"loc":{"start":{"line":118,"column":64},"end":{"line":149,"column":null}},"line":118},"5":{"name":"(anonymous_5)","decl":{"start":{"line":125,"column":50},"end":{"line":125,"column":51}},"loc":{"start":{"line":125,"column":57},"end":{"line":125,"column":78}},"line":125},"6":{"name":"toggleWatchLater","decl":{"start":{"line":153,"column":22},"end":{"line":153,"column":39}},"loc":{"start":{"line":153,"column":68},"end":{"line":185,"column":null}},"line":153},"7":{"name":"(anonymous_7)","decl":{"start":{"line":169,"column":45},"end":{"line":169,"column":46}},"loc":{"start":{"line":169,"column":53},"end":{"line":169,"column":67}},"line":169},"8":{"name":"getUserMovieStatus","decl":{"start":{"line":187,"column":22},"end":{"line":187,"column":41}},"loc":{"start":{"line":187,"column":70},"end":{"line":311,"column":null}},"line":187}},"branchMap":{"0":{"loc":{"start":{"line":52,"column":9},"end":{"line":52,"column":null}},"type":"binary-expr","locations":[{"start":{"line":52,"column":9},"end":{"line":52,"column":22}},{"start":{"line":52,"column":22},"end":{"line":52,"column":null}}],"line":52},"1":{"loc":{"start":{"line":58,"column":2},"end":{"line":58,"column":null}},"type":"if","locations":[{"start":{"line":58,"column":2},"end":{"line":58,"column":null}},{"start":{},"end":{}}],"line":58},"2":{"loc":{"start":{"line":82,"column":2},"end":{"line":82,"column":null}},"type":"if","locations":[{"start":{"line":82,"column":2},"end":{"line":82,"column":null}},{"start":{},"end":{}}],"line":82},"3":{"loc":{"start":{"line":90,"column":2},"end":{"line":103,"column":null}},"type":"if","locations":[{"start":{"line":90,"column":2},"end":{"line":103,"column":null}},{"start":{"line":96,"column":9},"end":{"line":103,"column":null}}],"line":90},"4":{"loc":{"start":{"line":91,"column":19},"end":{"line":91,"column":null}},"type":"binary-expr","locations":[{"start":{"line":91,"column":19},"end":{"line":91,"column":40}},{"start":{"line":91,"column":40},"end":{"line":91,"column":null}}],"line":91},"5":{"loc":{"start":{"line":92,"column":4},"end":{"line":95,"column":null}},"type":"if","locations":[{"start":{"line":92,"column":4},"end":{"line":95,"column":null}},{"start":{},"end":{}}],"line":92},"6":{"loc":{"start":{"line":92,"column":8},"end":{"line":92,"column":43}},"type":"binary-expr","locations":[{"start":{"line":92,"column":8},"end":{"line":92,"column":21}},{"start":{"line":92,"column":21},"end":{"line":92,"column":43}}],"line":92},"7":{"loc":{"start":{"line":93,"column":31},"end":{"line":93,"column":55}},"type":"binary-expr","locations":[{"start":{"line":93,"column":31},"end":{"line":93,"column":50}},{"start":{"line":93,"column":50},"end":{"line":93,"column":55}}],"line":93},"8":{"loc":{"start":{"line":99,"column":13},"end":{"line":99,"column":null}},"type":"binary-expr","locations":[{"start":{"line":99,"column":13},"end":{"line":99,"column":34}},{"start":{"line":99,"column":34},"end":{"line":99,"column":null}}],"line":99},"9":{"loc":{"start":{"line":101,"column":17},"end":{"line":101,"column":null}},"type":"binary-expr","locations":[{"start":{"line":101,"column":17},"end":{"line":101,"column":30}},{"start":{"line":101,"column":30},"end":{"line":101,"column":null}}],"line":101},"10":{"loc":{"start":{"line":123,"column":2},"end":{"line":123,"column":null}},"type":"if","locations":[{"start":{"line":123,"column":2},"end":{"line":123,"column":null}},{"start":{},"end":{}}],"line":123},"11":{"loc":{"start":{"line":127,"column":2},"end":{"line":140,"column":null}},"type":"if","locations":[{"start":{"line":127,"column":2},"end":{"line":140,"column":null}},{"start":{},"end":{}}],"line":127},"12":{"loc":{"start":{"line":129,"column":4},"end":{"line":139,"column":null}},"type":"if","locations":[{"start":{"line":129,"column":4},"end":{"line":139,"column":null}},{"start":{"line":136,"column":11},"end":{"line":139,"column":null}}],"line":129},"13":{"loc":{"start":{"line":129,"column":8},"end":{"line":129,"column":50}},"type":"binary-expr","locations":[{"start":{"line":129,"column":8},"end":{"line":129,"column":28}},{"start":{"line":129,"column":28},"end":{"line":129,"column":50}}],"line":129},"14":{"loc":{"start":{"line":133,"column":6},"end":{"line":135,"column":null}},"type":"if","locations":[{"start":{"line":133,"column":6},"end":{"line":135,"column":null}},{"start":{},"end":{}}],"line":133},"15":{"loc":{"start":{"line":133,"column":10},"end":{"line":133,"column":67}},"type":"binary-expr","locations":[{"start":{"line":133,"column":10},"end":{"line":133,"column":34}},{"start":{"line":133,"column":34},"end":{"line":133,"column":67}}],"line":133},"16":{"loc":{"start":{"line":158,"column":2},"end":{"line":158,"column":null}},"type":"if","locations":[{"start":{"line":158,"column":2},"end":{"line":158,"column":null}},{"start":{},"end":{}}],"line":158},"17":{"loc":{"start":{"line":164,"column":2},"end":{"line":166,"column":null}},"type":"if","locations":[{"start":{"line":164,"column":2},"end":{"line":166,"column":null}},{"start":{},"end":{}}],"line":164},"18":{"loc":{"start":{"line":168,"column":2},"end":{"line":176,"column":null}},"type":"if","locations":[{"start":{"line":168,"column":2},"end":{"line":176,"column":null}},{"start":{"line":170,"column":9},"end":{"line":176,"column":null}}],"line":168},"19":{"loc":{"start":{"line":182,"column":14},"end":{"line":182,"column":null}},"type":"cond-expr","locations":[{"start":{"line":182,"column":25},"end":{"line":182,"column":45}},{"start":{"line":182,"column":45},"end":{"line":182,"column":null}}],"line":182},"20":{"loc":{"start":{"line":299,"column":2},"end":{"line":299,"column":null}},"type":"if","locations":[{"start":{"line":299,"column":2},"end":{"line":299,"column":null}},{"start":{},"end":{}}],"line":299},"21":{"loc":{"start":{"line":302,"column":19},"end":{"line":302,"column":null}},"type":"binary-expr","locations":[{"start":{"line":302,"column":19},"end":{"line":302,"column":43}},{"start":{"line":302,"column":43},"end":{"line":302,"column":null}}],"line":302},"22":{"loc":{"start":{"line":303,"column":16},"end":{"line":303,"column":null}},"type":"binary-expr","locations":[{"start":{"line":303,"column":16},"end":{"line":303,"column":37}},{"start":{"line":303,"column":37},"end":{"line":303,"column":null}}],"line":303},"23":{"loc":{"start":{"line":305,"column":20},"end":{"line":305,"column":null}},"type":"binary-expr","locations":[{"start":{"line":305,"column":20},"end":{"line":305,"column":52}},{"start":{"line":305,"column":52},"end":{"line":305,"column":null}}],"line":305},"24":{"loc":{"start":{"line":306,"column":23},"end":{"line":306,"column":null}},"type":"binary-expr","locations":[{"start":{"line":306,"column":23},"end":{"line":306,"column":52}},{"start":{"line":306,"column":52},"end":{"line":306,"column":null}}],"line":306}},"s":{"0":0,"1":0,"2":0,"3":0,"4":0,"5":0,"6":0,"7":0,"8":0,"9":0,"10":0,"11":0,"12":0,"13":0,"14":0,"15":0,"16":0,"17":0,"18":0,"19":0,"20":0,"21":0,"22":0,"23":0,"24":0,"25":0,"26":0,"27":0,"28":0,"29":0,"30":0,"31":0,"32":0,"33":0,"34":0,"35":0,"36":0,"37":0,"38":0,"39":0,"40":0,"41":0,"42":0,"43":0,"44":0,"45":0,"46":0,"47":0,"48":0,"49":0,"50":0,"51":0,"52":0,"53":0,"54":0,"55":0,"56":0,"57":0,"58":0,"59":0,"60":0,"61":0,"62":0,"63":0,"64":0,"65":0},"f":{"0":0,"1":0,"2":0,"3":0,"4":0,"5":0,"6":0,"7":0,"8":0},"b":{"0":[0,0],"1":[0,0],"2":[0,0],"3":[0,0],"4":[0,0],"5":[0,0],"6":[0,0],"7":[0,0],"8":[0,0],"9":[0,0],"10":[0,0],"11":[0,0],"12":[0,0],"13":[0,0],"14":[0,0],"15":[0,0],"16":[0,0],"17":[0,0],"18":[0,0],"19":[0,0],"20":[0,0],"21":[0,0],"22":[0,0],"23":[0,0],"24":[0,0]},"meta":{"lastBranch":25,"lastFunction":9,"lastStatement":66,"seen":{"f:9:15:9:Infinity":0,"s:13:19:50:Infinity":0,"s:52:2:52:Infinity":1,"b:52:9:52:22:52:22:52:Infinity":0,"f:56:15:56:42":1,"s:57:16:57:Infinity":2,"b:58:2:58:Infinity:undefined:undefined:undefined:undefined":1,"s:58:2:58:Infinity":3,"s:58:14:58:Infinity":4,"s:60:2:74:Infinity":5,"f:77:22:77:44":2,"s:78:17:78:Infinity":6,"s:79:43:79:Infinity":7,"s:81:15:81:Infinity":8,"b:82:2:82:Infinity:undefined:undefined:undefined:undefined":2,"s:82:2:82:Infinity":9,"s:82:13:82:Infinity":10,"s:85:2:85:Infinity":11,"s:87:16:87:Infinity":12,"f:87:40:87:41":3,"s:87:50:87:74":13,"b:90:2:103:Infinity:96:9:103:Infinity":3,"s:90:2:103:Infinity":14,"s:91:4:91:Infinity":15,"b:91:19:91:40:91:40:91:Infinity":4,"b:92:4:95:Infinity:undefined:undefined:undefined:undefined":5,"s:92:4:95:Infinity":16,"b:92:8:92:21:92:21:92:43":6,"s:93:18:93:Infinity":17,"b:93:31:93:50:93:50:93:55":7,"s:94:6:94:Infinity":18,"s:97:4:102:Infinity":19,"b:99:13:99:34:99:34:99:Infinity":8,"b:101:17:101:30:101:30:101:Infinity":9,"s:104:2:104:Infinity":20,"s:106:2:106:Infinity":21,"s:108:2:111:Infinity":22,"s:113:2:113:Infinity":23,"f:118:22:118:35":4,"s:119:17:119:Infinity":24,"s:120:22:120:Infinity":25,"s:122:15:122:Infinity":26,"b:123:2:123:Infinity:undefined:undefined:undefined:undefined":10,"s:123:2:123:Infinity":27,"s:123:13:123:Infinity":28,"s:125:21:125:Infinity":29,"f:125:50:125:51":5,"s:125:57:125:78":30,"b:127:2:140:Infinity:undefined:undefined:undefined:undefined":11,"s:127:2:140:Infinity":31,"s:128:23:128:Infinity":32,"b:129:4:139:Infinity:136:11:139:Infinity":12,"s:129:4:139:Infinity":33,"b:129:8:129:28:129:28:129:50":13,"s:131:6:131:Infinity":34,"b:133:6:135:Infinity:undefined:undefined:undefined:undefined":14,"s:133:6:135:Infinity":35,"b:133:10:133:34:133:34:133:67":15,"s:134:8:134:Infinity":36,"s:138:6:138:Infinity":37,"s:142:2:142:Infinity":38,"s:144:2:146:Infinity":39,"s:148:2:148:Infinity":40,"f:153:22:153:39":6,"s:154:17:154:Infinity":41,"s:155:22:155:Infinity":42,"s:157:15:157:Infinity":43,"b:158:2:158:Infinity:undefined:undefined:undefined:undefined":16,"s:158:2:158:Infinity":44,"s:158:13:158:Infinity":45,"s:161:17:161:Infinity":46,"b:164:2:166:Infinity:undefined:undefined:undefined:undefined":17,"s:164:2:166:Infinity":47,"s:165:4:165:Infinity":48,"b:168:2:176:Infinity:170:9:176:Infinity":18,"s:168:2:176:Infinity":49,"s:169:4:169:Infinity":50,"f:169:45:169:46":7,"s:169:53:169:67":51,"s:171:4:171:Infinity":52,"s:172:4:172:Infinity":53,"s:173:4:173:Infinity":54,"s:175:4:175:Infinity":55,"s:177:2:177:Infinity":56,"s:179:2:183:Infinity":57,"b:182:25:182:45:182:45:182:Infinity":19,"s:184:2:184:Infinity":58,"f:187:22:187:41":8,"s:188:17:188:Infinity":59,"s:191:16:191:Infinity":60,"s:192:19:297:Infinity":61,"b:299:2:299:Infinity:undefined:undefined:undefined:undefined":20,"s:299:2:299:Infinity":62,"s:299:15:299:Infinity":63,"s:301:19:308:Infinity":64,"b:302:19:302:43:302:43:302:Infinity":21,"b:303:16:303:37:303:37:303:Infinity":22,"b:305:20:305:52:305:52:305:Infinity":23,"b:306:23:306:52:306:52:306:Infinity":24,"s:310:2:310:Infinity":65}}}
,"C:\\Users\\cardo\\01_Desarrollo\\Proyectos_Personales\\veoveo\\packages\\server\\src\\features\\series\\imdb-series.controller.ts": {"path":"C:\\Users\\cardo\\01_Desarrollo\\Proyectos_Personales\\veoveo\\packages\\server\\src\\features\\series\\imdb-series.controller.ts","statementMap":{"0":{"start":{"line":3,"column":16},"end":{"line":3,"column":null}},"1":{"start":{"line":12,"column":2},"end":{"line":12,"column":null}},"2":{"start":{"line":12,"column":55},"end":{"line":12,"column":null}},"3":{"start":{"line":14,"column":53},"end":{"line":14,"column":null}},"4":{"start":{"line":16,"column":30},"end":{"line":16,"column":null}},"5":{"start":{"line":17,"column":2},"end":{"line":19,"column":null}},"6":{"start":{"line":17,"column":15},"end":{"line":17,"column":18}},"7":{"start":{"line":18,"column":4},"end":{"line":18,"column":null}},"8":{"start":{"line":21,"column":25},"end":{"line":21,"column":null}},"9":{"start":{"line":23,"column":2},"end":{"line":48,"column":null}},"10":{"start":{"line":23,"column":15},"end":{"line":23,"column":18}},"11":{"start":{"line":24,"column":18},"end":{"line":24,"column":null}},"12":{"start":{"line":25,"column":21},"end":{"line":41,"column":null}},"13":{"start":{"line":26,"column":6},"end":{"line":26,"column":null}},"14":{"start":{"line":26,"column":55},"end":{"line":26,"column":null}},"15":{"start":{"line":27,"column":18},"end":{"line":27,"column":null}},"16":{"start":{"line":28,"column":18},"end":{"line":31,"column":null}},"17":{"start":{"line":32,"column":6},"end":{"line":39,"column":null}},"18":{"start":{"line":33,"column":22},"end":{"line":33,"column":null}},"19":{"start":{"line":34,"column":8},"end":{"line":37,"column":null}},"20":{"start":{"line":38,"column":8},"end":{"line":38,"column":null}},"21":{"start":{"line":40,"column":6},"end":{"line":40,"column":null}},"22":{"start":{"line":42,"column":19},"end":{"line":42,"column":null}},"23":{"start":{"line":43,"column":4},"end":{"line":43,"column":null}},"24":{"start":{"line":45,"column":4},"end":{"line":47,"column":null}},"25":{"start":{"line":46,"column":6},"end":{"line":46,"column":null}},"26":{"start":{"line":46,"column":37},"end":{"line":46,"column":65}},"27":{"start":{"line":50,"column":2},"end":{"line":50,"column":null}},"28":{"start":{"line":57,"column":27},"end":{"line":57,"column":null}},"29":{"start":{"line":59,"column":2},"end":{"line":61,"column":null}},"30":{"start":{"line":60,"column":4},"end":{"line":60,"column":null}},"31":{"start":{"line":63,"column":2},"end":{"line":68,"column":null}},"32":{"start":{"line":64,"column":19},"end":{"line":64,"column":null}},"33":{"start":{"line":65,"column":4},"end":{"line":65,"column":null}},"34":{"start":{"line":67,"column":4},"end":{"line":67,"column":null}},"35":{"start":{"line":73,"column":17},"end":{"line":73,"column":null}},"36":{"start":{"line":75,"column":2},"end":{"line":108,"column":null}},"37":{"start":{"line":77,"column":22},"end":{"line":77,"column":null}},"38":{"start":{"line":78,"column":22},"end":{"line":81,"column":null}},"39":{"start":{"line":83,"column":4},"end":{"line":85,"column":null}},"40":{"start":{"line":84,"column":6},"end":{"line":84,"column":null}},"41":{"start":{"line":87,"column":23},"end":{"line":87,"column":null}},"42":{"start":{"line":90,"column":23},"end":{"line":90,"column":null}},"43":{"start":{"line":91,"column":23},"end":{"line":94,"column":null}},"44":{"start":{"line":96,"column":18},"end":{"line":96,"column":null}},"45":{"start":{"line":97,"column":4},"end":{"line":100,"column":null}},"46":{"start":{"line":98,"column":26},"end":{"line":98,"column":null}},"47":{"start":{"line":99,"column":6},"end":{"line":99,"column":null}},"48":{"start":{"line":102,"column":4},"end":{"line":105,"column":null}},"49":{"start":{"line":107,"column":4},"end":{"line":107,"column":null}},"50":{"start":{"line":113,"column":25},"end":{"line":113,"column":null}},"51":{"start":{"line":115,"column":2},"end":{"line":132,"column":null}},"52":{"start":{"line":116,"column":24},"end":{"line":118,"column":null}},"53":{"start":{"line":119,"column":24},"end":{"line":122,"column":null}},"54":{"start":{"line":124,"column":4},"end":{"line":126,"column":null}},"55":{"start":{"line":125,"column":6},"end":{"line":125,"column":null}},"56":{"start":{"line":128,"column":25},"end":{"line":128,"column":null}},"57":{"start":{"line":129,"column":4},"end":{"line":129,"column":null}},"58":{"start":{"line":131,"column":4},"end":{"line":131,"column":null}},"59":{"start":{"line":136,"column":2},"end":{"line":182,"column":null}},"60":{"start":{"line":138,"column":29},"end":{"line":138,"column":null}},"61":{"start":{"line":139,"column":47},"end":{"line":139,"column":null}},"62":{"start":{"line":141,"column":4},"end":{"line":159,"column":null}},"63":{"start":{"line":142,"column":26},"end":{"line":144,"column":null}},"64":{"start":{"line":146,"column":31},"end":{"line":149,"column":null}},"65":{"start":{"line":151,"column":6},"end":{"line":158,"column":null}},"66":{"start":{"line":152,"column":21},"end":{"line":152,"column":null}},"67":{"start":{"line":153,"column":25},"end":{"line":153,"column":null}},"68":{"start":{"line":154,"column":8},"end":{"line":154,"column":null}},"69":{"start":{"line":155,"column":8},"end":{"line":155,"column":null}},"70":{"start":{"line":157,"column":8},"end":{"line":157,"column":null}},"71":{"start":{"line":162,"column":22},"end":{"line":162,"column":null}},"72":{"start":{"line":164,"column":4},"end":{"line":169,"column":null}},"73":{"start":{"line":165,"column":6},"end":{"line":168,"column":null}},"74":{"start":{"line":166,"column":18},"end":{"line":166,"column":null}},"75":{"start":{"line":167,"column":8},"end":{"line":167,"column":null}},"76":{"start":{"line":171,"column":26},"end":{"line":176,"column":null}},"77":{"start":{"line":172,"column":28},"end":{"line":175,"column":null}},"78":{"start":{"line":179,"column":4},"end":{"line":179,"column":null}},"79":{"start":{"line":179,"column":40},"end":{"line":179,"column":75}},"80":{"start":{"line":181,"column":4},"end":{"line":181,"column":null}},"81":{"start":{"line":183,"column":2},"end":{"line":183,"column":null}},"82":{"start":{"line":191,"column":2},"end":{"line":203,"column":null}},"83":{"start":{"line":199,"column":24},"end":{"line":199,"column":null}},"84":{"start":{"line":200,"column":4},"end":{"line":200,"column":null}},"85":{"start":{"line":200,"column":42},"end":{"line":200,"column":77}},"86":{"start":{"line":202,"column":4},"end":{"line":202,"column":null}},"87":{"start":{"line":204,"column":2},"end":{"line":204,"column":null}},"88":{"start":{"line":209,"column":27},"end":{"line":209,"column":null}},"89":{"start":{"line":210,"column":45},"end":{"line":210,"column":null}},"90":{"start":{"line":212,"column":2},"end":{"line":232,"column":null}},"91":{"start":{"line":213,"column":4},"end":{"line":229,"column":null}},"92":{"start":{"line":214,"column":18},"end":{"line":216,"column":null}},"93":{"start":{"line":217,"column":23},"end":{"line":220,"column":null}},"94":{"start":{"line":222,"column":6},"end":{"line":228,"column":null}},"95":{"start":{"line":223,"column":21},"end":{"line":223,"column":null}},"96":{"start":{"line":224,"column":8},"end":{"line":224,"column":null}},"97":{"start":{"line":225,"column":8},"end":{"line":225,"column":null}},"98":{"start":{"line":227,"column":8},"end":{"line":227,"column":null}},"99":{"start":{"line":231,"column":4},"end":{"line":231,"column":null}},"100":{"start":{"line":233,"column":2},"end":{"line":233,"column":null}}},"fnMap":{"0":{"name":"fetchSeriesBatchRaw","decl":{"start":{"line":5,"column":22},"end":{"line":5,"column":null}},"loc":{"start":{"line":11,"column":2},"end":{"line":51,"column":null}},"line":11},"1":{"name":"(anonymous_1)","decl":{"start":{"line":25,"column":31},"end":{"line":25,"column":38}},"loc":{"start":{"line":25,"column":45},"end":{"line":41,"column":5}},"line":25},"2":{"name":"(anonymous_2)","decl":{"start":{"line":46,"column":24},"end":{"line":46,"column":25}},"loc":{"start":{"line":46,"column":37},"end":{"line":46,"column":65}},"line":46},"3":{"name":"fetchSeriesBatchRawController","decl":{"start":{"line":53,"column":22},"end":{"line":53,"column":null}},"loc":{"start":{"line":56,"column":2},"end":{"line":69,"column":null}},"line":56},"4":{"name":"fetchSeriesDetail","decl":{"start":{"line":72,"column":22},"end":{"line":72,"column":40}},"loc":{"start":{"line":72,"column":69},"end":{"line":109,"column":null}},"line":72},"5":{"name":"fetchSeasonEpisodes","decl":{"start":{"line":112,"column":22},"end":{"line":112,"column":42}},"loc":{"start":{"line":112,"column":71},"end":{"line":133,"column":null}},"line":112},"6":{"name":"getSeriesSeasonsInternal","decl":{"start":{"line":135,"column":22},"end":{"line":135,"column":47}},"loc":{"start":{"line":135,"column":59},"end":{"line":184,"column":null}},"line":135},"7":{"name":"(anonymous_7)","decl":{"start":{"line":164,"column":24},"end":{"line":164,"column":25}},"loc":{"start":{"line":164,"column":37},"end":{"line":169,"column":5}},"line":164},"8":{"name":"(anonymous_8)","decl":{"start":{"line":172,"column":6},"end":{"line":172,"column":7}},"loc":{"start":{"line":172,"column":28},"end":{"line":175,"column":null}},"line":172},"9":{"name":"(anonymous_9)","decl":{"start":{"line":179,"column":30},"end":{"line":179,"column":31}},"loc":{"start":{"line":179,"column":40},"end":{"line":179,"column":75}},"line":179},"10":{"name":"getSeasonEpisodesInternal","decl":{"start":{"line":187,"column":22},"end":{"line":187,"column":null}},"loc":{"start":{"line":190,"column":18},"end":{"line":205,"column":null}},"line":190},"11":{"name":"(anonymous_11)","decl":{"start":{"line":200,"column":30},"end":{"line":200,"column":31}},"loc":{"start":{"line":200,"column":42},"end":{"line":200,"column":77}},"line":200},"12":{"name":"getAllEpisodesInternal","decl":{"start":{"line":208,"column":22},"end":{"line":208,"column":45}},"loc":{"start":{"line":208,"column":73},"end":{"line":234,"column":null}},"line":208}},"branchMap":{"0":{"loc":{"start":{"line":12,"column":2},"end":{"line":12,"column":null}},"type":"if","locations":[{"start":{"line":12,"column":2},"end":{"line":12,"column":null}},{"start":{},"end":{}}],"line":12},"1":{"loc":{"start":{"line":12,"column":6},"end":{"line":12,"column":55}},"type":"binary-expr","locations":[{"start":{"line":12,"column":6},"end":{"line":12,"column":14}},{"start":{"line":12,"column":14},"end":{"line":12,"column":37}},{"start":{"line":12,"column":37},"end":{"line":12,"column":55}}],"line":12},"2":{"loc":{"start":{"line":14,"column":10},"end":{"line":14,"column":34}},"type":"default-arg","locations":[{"start":{"line":14,"column":31},"end":{"line":14,"column":34}}],"line":14},"3":{"loc":{"start":{"line":14,"column":34},"end":{"line":14,"column":49}},"type":"default-arg","locations":[{"start":{"line":14,"column":44},"end":{"line":14,"column":49}}],"line":14},"4":{"loc":{"start":{"line":14,"column":53},"end":{"line":14,"column":null}},"type":"binary-expr","locations":[{"start":{"line":14,"column":53},"end":{"line":14,"column":64}},{"start":{"line":14,"column":64},"end":{"line":14,"column":null}}],"line":14},"5":{"loc":{"start":{"line":26,"column":6},"end":{"line":26,"column":null}},"type":"if","locations":[{"start":{"line":26,"column":6},"end":{"line":26,"column":null}},{"start":{},"end":{}}],"line":26},"6":{"loc":{"start":{"line":26,"column":10},"end":{"line":26,"column":55}},"type":"binary-expr","locations":[{"start":{"line":26,"column":10},"end":{"line":26,"column":17}},{"start":{"line":26,"column":17},"end":{"line":26,"column":43}},{"start":{"line":26,"column":43},"end":{"line":26,"column":55}}],"line":26},"7":{"loc":{"start":{"line":32,"column":6},"end":{"line":39,"column":null}},"type":"if","locations":[{"start":{"line":32,"column":6},"end":{"line":39,"column":null}},{"start":{},"end":{}}],"line":32},"8":{"loc":{"start":{"line":33,"column":22},"end":{"line":33,"column":null}},"type":"cond-expr","locations":[{"start":{"line":33,"column":47},"end":{"line":33,"column":52}},{"start":{"line":33,"column":52},"end":{"line":33,"column":null}}],"line":33},"9":{"loc":{"start":{"line":45,"column":4},"end":{"line":47,"column":null}},"type":"if","locations":[{"start":{"line":45,"column":4},"end":{"line":47,"column":null}},{"start":{},"end":{}}],"line":45},"10":{"loc":{"start":{"line":59,"column":2},"end":{"line":61,"column":null}},"type":"if","locations":[{"start":{"line":59,"column":2},"end":{"line":61,"column":null}},{"start":{},"end":{}}],"line":59},"11":{"loc":{"start":{"line":59,"column":6},"end":{"line":59,"column":35}},"type":"binary-expr","locations":[{"start":{"line":59,"column":6},"end":{"line":59,"column":14}},{"start":{"line":59,"column":14},"end":{"line":59,"column":35}}],"line":59},"12":{"loc":{"start":{"line":83,"column":4},"end":{"line":85,"column":null}},"type":"if","locations":[{"start":{"line":83,"column":4},"end":{"line":85,"column":null}},{"start":{},"end":{}}],"line":83},"13":{"loc":{"start":{"line":97,"column":4},"end":{"line":100,"column":null}},"type":"if","locations":[{"start":{"line":97,"column":4},"end":{"line":100,"column":null}},{"start":{},"end":{}}],"line":97},"14":{"loc":{"start":{"line":99,"column":16},"end":{"line":99,"column":null}},"type":"binary-expr","locations":[{"start":{"line":99,"column":16},"end":{"line":99,"column":39}},{"start":{"line":99,"column":39},"end":{"line":99,"column":null}}],"line":99},"15":{"loc":{"start":{"line":124,"column":4},"end":{"line":126,"column":null}},"type":"if","locations":[{"start":{"line":124,"column":4},"end":{"line":126,"column":null}},{"start":{},"end":{}}],"line":124},"16":{"loc":{"start":{"line":144,"column":19},"end":{"line":144,"column":75}},"type":"cond-expr","locations":[{"start":{"line":144,"column":38},"end":{"line":144,"column":73}},{"start":{"line":144,"column":73},"end":{"line":144,"column":75}}],"line":144},"17":{"loc":{"start":{"line":151,"column":6},"end":{"line":158,"column":null}},"type":"if","locations":[{"start":{"line":151,"column":6},"end":{"line":158,"column":null}},{"start":{"line":156,"column":13},"end":{"line":158,"column":null}}],"line":151},"18":{"loc":{"start":{"line":153,"column":25},"end":{"line":153,"column":null}},"type":"binary-expr","locations":[{"start":{"line":153,"column":25},"end":{"line":153,"column":42}},{"start":{"line":153,"column":42},"end":{"line":153,"column":null}}],"line":153},"19":{"loc":{"start":{"line":165,"column":6},"end":{"line":168,"column":null}},"type":"if","locations":[{"start":{"line":165,"column":6},"end":{"line":168,"column":null}},{"start":{},"end":{}}],"line":165},"20":{"loc":{"start":{"line":167,"column":26},"end":{"line":167,"column":51}},"type":"binary-expr","locations":[{"start":{"line":167,"column":26},"end":{"line":167,"column":46}},{"start":{"line":167,"column":46},"end":{"line":167,"column":51}}],"line":167},"21":{"loc":{"start":{"line":215,"column":8},"end":{"line":215,"column":null}},"type":"cond-expr","locations":[{"start":{"line":215,"column":27},"end":{"line":215,"column":62}},{"start":{"line":215,"column":62},"end":{"line":215,"column":null}}],"line":215},"22":{"loc":{"start":{"line":222,"column":6},"end":{"line":228,"column":null}},"type":"if","locations":[{"start":{"line":222,"column":6},"end":{"line":228,"column":null}},{"start":{"line":226,"column":13},"end":{"line":228,"column":null}}],"line":222},"23":{"loc":{"start":{"line":224,"column":29},"end":{"line":224,"column":49}},"type":"binary-expr","locations":[{"start":{"line":224,"column":29},"end":{"line":224,"column":46}},{"start":{"line":224,"column":46},"end":{"line":224,"column":49}}],"line":224}},"s":{"0":1,"1":0,"2":0,"3":0,"4":0,"5":0,"6":0,"7":0,"8":0,"9":0,"10":0,"11":0,"12":0,"13":0,"14":0,"15":0,"16":0,"17":0,"18":0,"19":0,"20":0,"21":0,"22":0,"23":0,"24":0,"25":0,"26":0,"27":0,"28":0,"29":0,"30":0,"31":0,"32":0,"33":0,"34":0,"35":0,"36":0,"37":0,"38":0,"39":0,"40":0,"41":0,"42":0,"43":0,"44":0,"45":0,"46":0,"47":0,"48":0,"49":0,"50":0,"51":0,"52":0,"53":0,"54":0,"55":0,"56":0,"57":0,"58":0,"59":0,"60":0,"61":0,"62":0,"63":0,"64":0,"65":0,"66":0,"67":0,"68":0,"69":0,"70":0,"71":0,"72":0,"73":0,"74":0,"75":0,"76":0,"77":0,"78":0,"79":0,"80":0,"81":0,"82":0,"83":0,"84":0,"85":0,"86":0,"87":0,"88":0,"89":0,"90":0,"91":0,"92":0,"93":0,"94":0,"95":0,"96":0,"97":0,"98":0,"99":0,"100":0},"f":{"0":0,"1":0,"2":0,"3":0,"4":0,"5":0,"6":0,"7":0,"8":0,"9":0,"10":0,"11":0,"12":0},"b":{"0":[0,0],"1":[0,0,0],"2":[0],"3":[0],"4":[0,0],"5":[0,0],"6":[0,0,0],"7":[0,0],"8":[0,0],"9":[0,0],"10":[0,0],"11":[0,0],"12":[0,0],"13":[0,0],"14":[0,0],"15":[0,0],"16":[0,0],"17":[0,0],"18":[0,0],"19":[0,0],"20":[0,0],"21":[0,0],"22":[0,0],"23":[0,0]},"meta":{"lastBranch":24,"lastFunction":13,"lastStatement":101,"seen":{"s:3:16:3:Infinity":0,"f:5:22:5:Infinity":0,"b:12:2:12:Infinity:undefined:undefined:undefined:undefined":0,"s:12:2:12:Infinity":1,"b:12:6:12:14:12:14:12:37:12:37:12:55":1,"s:12:55:12:Infinity":2,"s:14:53:14:Infinity":3,"b:14:31:14:34":2,"b:14:44:14:49":3,"b:14:53:14:64:14:64:14:Infinity":4,"s:16:30:16:Infinity":4,"s:17:2:19:Infinity":5,"s:17:15:17:18":6,"s:18:4:18:Infinity":7,"s:21:25:21:Infinity":8,"s:23:2:48:Infinity":9,"s:23:15:23:18":10,"s:24:18:24:Infinity":11,"s:25:21:41:Infinity":12,"f:25:31:25:38":1,"b:26:6:26:Infinity:undefined:undefined:undefined:undefined":5,"s:26:6:26:Infinity":13,"b:26:10:26:17:26:17:26:43:26:43:26:55":6,"s:26:55:26:Infinity":14,"s:27:18:27:Infinity":15,"s:28:18:31:Infinity":16,"b:32:6:39:Infinity:undefined:undefined:undefined:undefined":7,"s:32:6:39:Infinity":17,"s:33:22:33:Infinity":18,"b:33:47:33:52:33:52:33:Infinity":8,"s:34:8:37:Infinity":19,"s:38:8:38:Infinity":20,"s:40:6:40:Infinity":21,"s:42:19:42:Infinity":22,"s:43:4:43:Infinity":23,"b:45:4:47:Infinity:undefined:undefined:undefined:undefined":9,"s:45:4:47:Infinity":24,"s:46:6:46:Infinity":25,"f:46:24:46:25":2,"s:46:37:46:65":26,"s:50:2:50:Infinity":27,"f:53:22:53:Infinity":3,"s:57:27:57:Infinity":28,"b:59:2:61:Infinity:undefined:undefined:undefined:undefined":10,"s:59:2:61:Infinity":29,"b:59:6:59:14:59:14:59:35":11,"s:60:4:60:Infinity":30,"s:63:2:68:Infinity":31,"s:64:19:64:Infinity":32,"s:65:4:65:Infinity":33,"s:67:4:67:Infinity":34,"f:72:22:72:40":4,"s:73:17:73:Infinity":35,"s:75:2:108:Infinity":36,"s:77:22:77:Infinity":37,"s:78:22:81:Infinity":38,"b:83:4:85:Infinity:undefined:undefined:undefined:undefined":12,"s:83:4:85:Infinity":39,"s:84:6:84:Infinity":40,"s:87:23:87:Infinity":41,"s:90:23:90:Infinity":42,"s:91:23:94:Infinity":43,"s:96:18:96:Infinity":44,"b:97:4:100:Infinity:undefined:undefined:undefined:undefined":13,"s:97:4:100:Infinity":45,"s:98:26:98:Infinity":46,"s:99:6:99:Infinity":47,"b:99:16:99:39:99:39:99:Infinity":14,"s:102:4:105:Infinity":48,"s:107:4:107:Infinity":49,"f:112:22:112:42":5,"s:113:25:113:Infinity":50,"s:115:2:132:Infinity":51,"s:116:24:118:Infinity":52,"s:119:24:122:Infinity":53,"b:124:4:126:Infinity:undefined:undefined:undefined:undefined":15,"s:124:4:126:Infinity":54,"s:125:6:125:Infinity":55,"s:128:25:128:Infinity":56,"s:129:4:129:Infinity":57,"s:131:4:131:Infinity":58,"f:135:22:135:47":6,"s:136:2:182:Infinity":59,"s:138:29:138:Infinity":60,"s:139:47:139:Infinity":61,"s:141:4:159:Infinity":62,"s:142:26:144:Infinity":63,"b:144:38:144:73:144:73:144:75":16,"s:146:31:149:Infinity":64,"b:151:6:158:Infinity:156:13:158:Infinity":17,"s:151:6:158:Infinity":65,"s:152:21:152:Infinity":66,"s:153:25:153:Infinity":67,"b:153:25:153:42:153:42:153:Infinity":18,"s:154:8:154:Infinity":68,"s:155:8:155:Infinity":69,"s:157:8:157:Infinity":70,"s:162:22:162:Infinity":71,"s:164:4:169:Infinity":72,"f:164:24:164:25":7,"b:165:6:168:Infinity:undefined:undefined:undefined:undefined":19,"s:165:6:168:Infinity":73,"s:166:18:166:Infinity":74,"s:167:8:167:Infinity":75,"b:167:26:167:46:167:46:167:51":20,"s:171:26:176:Infinity":76,"f:172:6:172:7":8,"s:172:28:175:Infinity":77,"s:179:4:179:Infinity":78,"f:179:30:179:31":9,"s:179:40:179:75":79,"s:181:4:181:Infinity":80,"s:183:2:183:Infinity":81,"f:187:22:187:Infinity":10,"s:191:2:203:Infinity":82,"s:199:24:199:Infinity":83,"s:200:4:200:Infinity":84,"f:200:30:200:31":11,"s:200:42:200:77":85,"s:202:4:202:Infinity":86,"s:204:2:204:Infinity":87,"f:208:22:208:45":12,"s:209:27:209:Infinity":88,"s:210:45:210:Infinity":89,"s:212:2:232:Infinity":90,"s:213:4:229:Infinity":91,"s:214:18:216:Infinity":92,"b:215:27:215:62:215:62:215:Infinity":21,"s:217:23:220:Infinity":93,"b:222:6:228:Infinity:226:13:228:Infinity":22,"s:222:6:228:Infinity":94,"s:223:21:223:Infinity":95,"s:224:8:224:Infinity":96,"b:224:29:224:46:224:46:224:49":23,"s:225:8:225:Infinity":97,"s:227:8:227:Infinity":98,"s:231:4:231:Infinity":99,"s:233:2:233:Infinity":100}}}
,"C:\\Users\\cardo\\01_Desarrollo\\Proyectos_Personales\\veoveo\\packages\\server\\src\\features\\series\\series.controller.ts": {"path":"C:\\Users\\cardo\\01_Desarrollo\\Proyectos_Personales\\veoveo\\packages\\server\\src\\features\\series\\series.controller.ts","statementMap":{"0":{"start":{"line":17,"column":19},"end":{"line":52,"column":null}},"1":{"start":{"line":54,"column":2},"end":{"line":54,"column":null}},"2":{"start":{"line":58,"column":16},"end":{"line":58,"column":null}},"3":{"start":{"line":59,"column":2},"end":{"line":59,"column":null}},"4":{"start":{"line":59,"column":14},"end":{"line":59,"column":null}},"5":{"start":{"line":61,"column":2},"end":{"line":75,"column":null}},"6":{"start":{"line":81,"column":17},"end":{"line":81,"column":null}},"7":{"start":{"line":82,"column":23},"end":{"line":82,"column":null}},"8":{"start":{"line":84,"column":15},"end":{"line":84,"column":null}},"9":{"start":{"line":85,"column":2},"end":{"line":85,"column":null}},"10":{"start":{"line":85,"column":13},"end":{"line":85,"column":null}},"11":{"start":{"line":88,"column":17},"end":{"line":88,"column":null}},"12":{"start":{"line":91,"column":2},"end":{"line":93,"column":null}},"13":{"start":{"line":92,"column":4},"end":{"line":92,"column":null}},"14":{"start":{"line":95,"column":2},"end":{"line":105,"column":null}},"15":{"start":{"line":96,"column":4},"end":{"line":98,"column":null}},"16":{"start":{"line":97,"column":14},"end":{"line":97,"column":null}},"17":{"start":{"line":100,"column":4},"end":{"line":100,"column":null}},"18":{"start":{"line":101,"column":4},"end":{"line":101,"column":null}},"19":{"start":{"line":102,"column":4},"end":{"line":102,"column":null}},"20":{"start":{"line":104,"column":4},"end":{"line":104,"column":null}},"21":{"start":{"line":106,"column":2},"end":{"line":106,"column":null}},"22":{"start":{"line":108,"column":2},"end":{"line":112,"column":null}},"23":{"start":{"line":114,"column":2},"end":{"line":114,"column":null}},"24":{"start":{"line":119,"column":17},"end":{"line":119,"column":null}},"25":{"start":{"line":121,"column":16},"end":{"line":121,"column":null}},"26":{"start":{"line":122,"column":19},"end":{"line":245,"column":null}},"27":{"start":{"line":247,"column":2},"end":{"line":247,"column":null}},"28":{"start":{"line":247,"column":15},"end":{"line":247,"column":null}},"29":{"start":{"line":249,"column":19},"end":{"line":259,"column":null}},"30":{"start":{"line":254,"column":49},"end":{"line":254,"column":62}},"31":{"start":{"line":256,"column":49},"end":{"line":256,"column":63}},"32":{"start":{"line":261,"column":2},"end":{"line":261,"column":null}},"33":{"start":{"line":267,"column":17},"end":{"line":267,"column":null}},"34":{"start":{"line":268,"column":59},"end":{"line":268,"column":null}},"35":{"start":{"line":270,"column":15},"end":{"line":270,"column":null}},"36":{"start":{"line":271,"column":2},"end":{"line":271,"column":null}},"37":{"start":{"line":271,"column":13},"end":{"line":271,"column":null}},"38":{"start":{"line":274,"column":2},"end":{"line":274,"column":null}},"39":{"start":{"line":277,"column":20},"end":{"line":277,"column":null}},"40":{"start":{"line":277,"column":51},"end":{"line":277,"column":74}},"41":{"start":{"line":278,"column":2},"end":{"line":282,"column":null}},"42":{"start":{"line":280,"column":4},"end":{"line":280,"column":null}},"43":{"start":{"line":281,"column":4},"end":{"line":281,"column":null}},"44":{"start":{"line":285,"column":26},"end":{"line":287,"column":null}},"45":{"start":{"line":286,"column":11},"end":{"line":286,"column":null}},"46":{"start":{"line":289,"column":2},"end":{"line":308,"column":null}},"47":{"start":{"line":290,"column":4},"end":{"line":298,"column":null}},"48":{"start":{"line":293,"column":6},"end":{"line":293,"column":null}},"49":{"start":{"line":294,"column":6},"end":{"line":294,"column":null}},"50":{"start":{"line":296,"column":18},"end":{"line":296,"column":null}},"51":{"start":{"line":297,"column":6},"end":{"line":297,"column":null}},"52":{"start":{"line":301,"column":4},"end":{"line":307,"column":null}},"53":{"start":{"line":311,"column":2},"end":{"line":315,"column":null}},"54":{"start":{"line":312,"column":4},"end":{"line":314,"column":null}},"55":{"start":{"line":313,"column":13},"end":{"line":313,"column":null}},"56":{"start":{"line":318,"column":2},"end":{"line":318,"column":null}},"57":{"start":{"line":320,"column":2},"end":{"line":320,"column":null}},"58":{"start":{"line":321,"column":2},"end":{"line":321,"column":null}},"59":{"start":{"line":323,"column":25},"end":{"line":323,"column":null}},"60":{"start":{"line":325,"column":2},"end":{"line":330,"column":null}},"61":{"start":{"line":332,"column":2},"end":{"line":332,"column":null}},"62":{"start":{"line":339,"column":2},"end":{"line":384,"column":null}},"63":{"start":{"line":341,"column":18},"end":{"line":341,"column":null}},"64":{"start":{"line":342,"column":29},"end":{"line":342,"column":null}},"65":{"start":{"line":350,"column":6},"end":{"line":351,"column":null}},"66":{"start":{"line":353,"column":6},"end":{"line":355,"column":null}},"67":{"start":{"line":357,"column":4},"end":{"line":371,"column":null}},"68":{"start":{"line":358,"column":26},"end":{"line":358,"column":null}},"69":{"start":{"line":359,"column":6},"end":{"line":359,"column":null}},"70":{"start":{"line":362,"column":6},"end":{"line":370,"column":null}},"71":{"start":{"line":374,"column":4},"end":{"line":381,"column":null}},"72":{"start":{"line":378,"column":6},"end":{"line":378,"column":null}},"73":{"start":{"line":380,"column":6},"end":{"line":380,"column":null}},"74":{"start":{"line":383,"column":4},"end":{"line":383,"column":null}},"75":{"start":{"line":390,"column":17},"end":{"line":390,"column":null}},"76":{"start":{"line":391,"column":58},"end":{"line":391,"column":null}},"77":{"start":{"line":393,"column":15},"end":{"line":393,"column":null}},"78":{"start":{"line":394,"column":2},"end":{"line":394,"column":null}},"79":{"start":{"line":394,"column":13},"end":{"line":394,"column":null}},"80":{"start":{"line":397,"column":2},"end":{"line":397,"column":null}},"81":{"start":{"line":400,"column":20},"end":{"line":400,"column":null}},"82":{"start":{"line":400,"column":51},"end":{"line":400,"column":74}},"83":{"start":{"line":401,"column":2},"end":{"line":405,"column":null}},"84":{"start":{"line":403,"column":4},"end":{"line":403,"column":null}},"85":{"start":{"line":404,"column":4},"end":{"line":404,"column":null}},"86":{"start":{"line":407,"column":14},"end":{"line":407,"column":null}},"87":{"start":{"line":408,"column":20},"end":{"line":408,"column":null}},"88":{"start":{"line":409,"column":52},"end":{"line":409,"column":null}},"89":{"start":{"line":412,"column":2},"end":{"line":438,"column":null}},"90":{"start":{"line":413,"column":4},"end":{"line":413,"column":null}},"91":{"start":{"line":416,"column":4},"end":{"line":437,"column":null}},"92":{"start":{"line":417,"column":25},"end":{"line":420,"column":null}},"93":{"start":{"line":422,"column":6},"end":{"line":424,"column":null}},"94":{"start":{"line":422,"column":51},"end":{"line":424,"column":8}},"95":{"start":{"line":426,"column":6},"end":{"line":428,"column":null}},"96":{"start":{"line":427,"column":15},"end":{"line":427,"column":null}},"97":{"start":{"line":430,"column":6},"end":{"line":433,"column":null}},"98":{"start":{"line":434,"column":6},"end":{"line":436,"column":null}},"99":{"start":{"line":441,"column":2},"end":{"line":464,"column":null}},"100":{"start":{"line":442,"column":18},"end":{"line":442,"column":null}},"101":{"start":{"line":443,"column":23},"end":{"line":445,"column":null}},"102":{"start":{"line":444,"column":13},"end":{"line":444,"column":null}},"103":{"start":{"line":447,"column":4},"end":{"line":463,"column":null}},"104":{"start":{"line":449,"column":6},"end":{"line":455,"column":null}},"105":{"start":{"line":456,"column":6},"end":{"line":456,"column":null}},"106":{"start":{"line":457,"column":4},"end":{"line":463,"column":null}},"107":{"start":{"line":460,"column":6},"end":{"line":460,"column":null}},"108":{"start":{"line":461,"column":6},"end":{"line":461,"column":null}},"109":{"start":{"line":462,"column":6},"end":{"line":462,"column":null}},"110":{"start":{"line":466,"column":2},"end":{"line":479,"column":null}},"111":{"start":{"line":468,"column":4},"end":{"line":468,"column":null}},"112":{"start":{"line":470,"column":4},"end":{"line":470,"column":null}},"113":{"start":{"line":471,"column":4},"end":{"line":471,"column":null
[...]
"line":108,"column":null}},"42":{"start":{"line":109,"column":4},"end":{"line":109,"column":null}},"43":{"start":{"line":109,"column":13},"end":{"line":109,"column":null}},"44":{"start":{"line":111,"column":17},"end":{"line":111,"column":null}},"45":{"start":{"line":112,"column":4},"end":{"line":112,"column":null}},"46":{"start":{"line":112,"column":15},"end":{"line":112,"column":null}},"47":{"start":{"line":114,"column":4},"end":{"line":118,"column":null}},"48":{"start":{"line":120,"column":4},"end":{"line":120,"column":null}},"49":{"start":{"line":121,"column":4},"end":{"line":121,"column":null}},"50":{"start":{"line":126,"column":2},"end":{"line":155,"column":null}},"51":{"start":{"line":127,"column":19},"end":{"line":127,"column":null}},"52":{"start":{"line":128,"column":49},"end":{"line":128,"column":null}},"53":{"start":{"line":130,"column":4},"end":{"line":130,"column":null}},"54":{"start":{"line":130,"column":13},"end":{"line":130,"column":null}},"55":{"start":{"line":132,"column":24},"end":{"line":132,"column":null}},"56":{"start":{"line":133,"column":4},"end":{"line":133,"column":null}},"57":{"start":{"line":133,"column":14},"end":{"line":133,"column":null}},"58":{"start":{"line":134,"column":4},"end":{"line":134,"column":null}},"59":{"start":{"line":134,"column":15},"end":{"line":134,"column":null}},"60":{"start":{"line":135,"column":4},"end":{"line":135,"column":null}},"61":{"start":{"line":135,"column":27},"end":{"line":135,"column":null}},"62":{"start":{"line":136,"column":4},"end":{"line":136,"column":null}},"63":{"start":{"line":136,"column":24},"end":{"line":136,"column":null}},"64":{"start":{"line":138,"column":17},"end":{"line":144,"column":null}},"65":{"start":{"line":145,"column":4},"end":{"line":145,"column":null}},"66":{"start":{"line":145,"column":15},"end":{"line":145,"column":null}},"67":{"start":{"line":147,"column":4},"end":{"line":151,"column":null}},"68":{"start":{"line":153,"column":4},"end":{"line":153,"column":null}},"69":{"start":{"line":154,"column":4},"end":{"line":154,"column":null}},"70":{"start":{"line":159,"column":2},"end":{"line":193,"column":null}},"71":{"start":{"line":160,"column":19},"end":{"line":160,"column":null}},"72":{"start":{"line":165,"column":8},"end":{"line":165,"column":null}},"73":{"start":{"line":167,"column":4},"end":{"line":167,"column":null}},"74":{"start":{"line":167,"column":13},"end":{"line":167,"column":null}},"75":{"start":{"line":169,"column":24},"end":{"line":169,"column":null}},"76":{"start":{"line":170,"column":4},"end":{"line":171,"column":null}},"77":{"start":{"line":171,"column":6},"end":{"line":171,"column":null}},"78":{"start":{"line":172,"column":4},"end":{"line":172,"column":null}},"79":{"start":{"line":172,"column":28},"end":{"line":172,"column":null}},"80":{"start":{"line":173,"column":4},"end":{"line":174,"column":null}},"81":{"start":{"line":174,"column":6},"end":{"line":174,"column":null}},"82":{"start":{"line":176,"column":17},"end":{"line":182,"column":null}},"83":{"start":{"line":183,"column":4},"end":{"line":183,"column":null}},"84":{"start":{"line":183,"column":15},"end":{"line":183,"column":null}},"85":{"start":{"line":185,"column":4},"end":{"line":189,"column":null}},"86":{"start":{"line":191,"column":4},"end":{"line":191,"column":null}},"87":{"start":{"line":192,"column":4},"end":{"line":192,"column":null}}},"fnMap":{"0":{"name":"getWatchCount","decl":{"start":{"line":10,"column":22},"end":{"line":10,"column":null}},"loc":{"start":{"line":13,"column":19},"end":{"line":20,"column":null}},"line":13},"1":{"name":"(anonymous_1)","decl":{"start":{"line":18,"column":47},"end":{"line":18,"column":48}},"loc":{"start":{"line":18,"column":55},"end":{"line":18,"column":77}},"line":18},"2":{"name":"isInWatchLater","decl":{"start":{"line":28,"column":22},"end":{"line":28,"column":null}},"loc":{"start":{"line":31,"column":20},"end":{"line":37,"column":null}},"line":31},"3":{"name":"getMovieWatchCount","decl":{"start":{"line":40,"column":22},"end":{"line":40,"column":41}},"loc":{"start":{"line":40,"column":70},"end":{"line":58,"column":null}},"line":40},"4":{"name":"getMovieInWatchLater","decl":{"start":{"line":61,"column":22},"end":{"line":61,"column":43}},"loc":{"start":{"line":61,"column":72},"end":{"line":79,"column":null}},"line":61},"5":{"name":"searchUsers","decl":{"start":{"line":81,"column":22},"end":{"line":81,"column":34}},"loc":{"start":{"line":81,"column":63},"end":{"line":104,"column":null}},"line":81},"6":{"name":"getUserProfile","decl":{"start":{"line":106,"column":22},"end":{"line":106,"column":37}},"loc":{"start":{"line":106,"column":66},"end":{"line":123,"column":null}},"line":106},"7":{"name":"updateUserProfile","decl":{"start":{"line":125,"column":22},"end":{"line":125,"column":40}},"loc":{"start":{"line":125,"column":69},"end":{"line":156,"column":null}},"line":125},"8":{"name":"updateUserSettings","decl":{"start":{"line":158,"column":22},"end":{"line":158,"column":41}},"loc":{"start":{"line":158,"column":70},"end":{"line":194,"column":null}},"line":158}},"branchMap":{"0":{"loc":{"start":{"line":16,"column":2},"end":{"line":16,"column":null}},"type":"if","locations":[{"start":{"line":16,"column":2},"end":{"line":16,"column":null}},{"start":{},"end":{}}],"line":16},"1":{"loc":{"start":{"line":16,"column":6},"end":{"line":16,"column":36}},"type":"binary-expr","locations":[{"start":{"line":16,"column":6},"end":{"line":16,"column":15}},{"start":{"line":16,"column":15},"end":{"line":16,"column":36}}],"line":16},"2":{"loc":{"start":{"line":19,"column":9},"end":{"line":19,"column":null}},"type":"cond-expr","locations":[{"start":{"line":19,"column":24},"end":{"line":19,"column":45}},{"start":{"line":19,"column":45},"end":{"line":19,"column":null}}],"line":19},"3":{"loc":{"start":{"line":34,"column":2},"end":{"line":34,"column":null}},"type":"if","locations":[{"start":{"line":34,"column":2},"end":{"line":34,"column":null}},{"start":{},"end":{}}],"line":34},"4":{"loc":{"start":{"line":34,"column":6},"end":{"line":34,"column":33}},"type":"binary-expr","locations":[{"start":{"line":34,"column":6},"end":{"line":34,"column":15}},{"start":{"line":34,"column":15},"end":{"line":34,"column":33}}],"line":34},"5":{"loc":{"start":{"line":45,"column":4},"end":{"line":47,"column":null}},"type":"if","locations":[{"start":{"line":45,"column":4},"end":{"line":47,"column":null}},{"start":{},"end":{}}],"line":45},"6":{"loc":{"start":{"line":48,"column":4},"end":{"line":50,"column":null}},"type":"if","locations":[{"start":{"line":48,"column":4},"end":{"line":50,"column":null}},{"start":{},"end":{}}],"line":48},"7":{"loc":{"start":{"line":66,"column":4},"end":{"line":68,"column":null}},"type":"if","locations":[{"start":{"line":66,"column":4},"end":{"line":68,"column":null}},{"start":{},"end":{}}],"line":66},"8":{"loc":{"start":{"line":69,"column":4},"end":{"line":71,"column":null}},"type":"if","locations":[{"start":{"line":69,"column":4},"end":{"line":71,"column":null}},{"start":{},"end":{}}],"line":69},"9":{"loc":{"start":{"line":84,"column":4},"end":{"line":86,"column":null}},"type":"if","locations":[{"start":{"line":84,"column":4},"end":{"line":86,"column":null}},{"start":{},"end":{}}],"line":84},"10":{"loc":{"start":{"line":84,"column":8},"end":{"line":84,"column":37}},"type":"binary-expr","locations":[{"start":{"line":84,"column":8},"end":{"line":84,"column":14}},{"start":{"line":84,"column":14},"end":{"line":84,"column":37}}],"line":84},"11":{"loc":{"start":{"line":109,"column":4},"end":{"line":109,"column":null}},"type":"if","locations":[{"start":{"line":109,"column":4},"end":{"line":109,"column":null}},{"start":{},"end":{}}],"line":109},"12":{"loc":{"start":{"line":112,"column":4},"end":{"line":112,"column":null}},"type":"if","locations":[{"start":{"line":112,"column":4},"end":{"line":112,"column":null}},{"start":{},"end":{}}],"line":112},"13":{"loc":{"start":{"line":130,"column":4},"end":{"line":130,"column":null}},"type":"if","locations":[{"start":{"line":130,"column":4},"end":{"line":130,"column":null}},{"start":{},"end":{}}],"line":130},"14":{"loc":{"start":{"line":133,"column":4},"end":{"line":133,"column":null}},"type":"if","locations":[{"start":{"line":133,"column":4},"end":{"line":133,"column":null}},{"start":{},"end":{}}],"line":133},"15":{"loc":{"start":{"line":134,"column":4},"end":{"line":134,"column":null}},"type":"if","locations":[{"start":{"line":134,"column":4},"end":{"line":134,"column":null}},{"start":{},"end":{}}],"line":134},"16":{"loc":{"start":{"line":135,"column":4},"end":{"line":135,"column":null}},"type":"if","locations":[{"start":{"line":135,"column":4},"end":{"line":135,"column":null}},{"start":{},"end":{}}],"line":135},"17":{"loc":{"start":{"line":136,"column":4},"end":{"line":136,"column":null}},"type":"if","locations":[{"start":{"line":136,"column":4},"end":{"line":136,"column":null}},{"start":{},"end":{}}],"line":136},"18":{"loc":{"start":{"line":145,"column":4},"end":{"line":145,"column":null}},"type":"if","locations":[{"start":{"line":145,"column":4},"end":{"line":145,"column":null}},{"start":{},"end":{}}],"line":145},"19":{"loc":{"start":{"line":167,"column":4},"end":{"line":167,"column":null}},"type":"if","locations":[{"start":{"line":167,"column":4},"end":{"line":167,"column":null}},{"start":{},"end":{}}],"line":167},"20":{"loc":{"start":{"line":170,"column":4},"end":{"line":171,"column":null}},"type":"if","locations":[{"start":{"line":170,"column":4},"end":{"line":171,"column":null}},{"start":{},"end":{}}],"line":170},"21":{"loc":{"start":{"line":172,"column":4},"end":{"line":172,"column":null}},"type":"if","locations":[{"start":{"line":172,"column":4},"end":{"line":172,"column":null}},{"start":{},"end":{}}],"line":172},"22":{"loc":{"start":{"line":173,"column":4},"end":{"line":174,"column":null}},"type":"if","locations":[{"start":{"line":173,"column":4},"end":{"line":174,"column":null}},{"start":{},"end":{}}],"line":173},"23":{"loc":{"start":{"line":183,"column":4},"end":{"line":183,"column":null}},"type":"if","locations":[{"start":{"line":183,"column":4},"end":{"line":183,"column":null}},{"start":{},"end":{}}],"line":183}},"s":{"0":0,"1":0,"2":0,"3":0,"4":0,"5":0,"6":0,"7":0,"8":0,"9":0,"10":0,"11":0,"12":0,"13":0,"14":0,"15":0,"16":0,"17":0,"18":0,"19":0,"20":0,"21":0,"22":0,"23":0,"24":0,"25":0,"26":0,"27":0,"28":0,"29":0,"30":0,"31":0,"32":0,"33":0,"34":0,"35":0,"36":0,"37":0,"38":0,"39":0,"40":0,"41":0,"42":0,"43":0,"44":0,"45":0,"46":0,"47":0,"48":0,"49":0,"50":0,"51":0,"52":0,"53":0,"54":0,"55":0,"56":0,"57":0,"58":0,"59":0,"60":0,"61":0,"62":0,"63":0,"64":0,"65":0,"66":0,"67":0,"68":0,"69":0,"70":0,"71":0,"72":0,"73":0,"74":0,"75":0,"76":0,"77":0,"78":0,"79":0,"80":0,"81":0,"82":0,"83":0,"84":0,"85":0,"86":0,"87":0},"f":{"0":0,"1":0,"2":0,"3":0,"4":0,"5":0,"6":0,"7":0,"8":0},"b":{"0":[0,0],"1":[0,0],"2":[0,0],"3":[0,0],"4":[0,0],"5":[0,0],"6":[0,0],"7":[0,0],"8":[0,0],"9":[0,0],"10":[0,0],"11":[0,0],"12":[0,0],"13":[0,0],"14":[0,0],"15":[0,0],"16":[0,0],"17":[0,0],"18":[0,0],"19":[0,0],"20":[0,0],"21":[0,0],"22":[0,0],"23":[0,0]},"meta":{"lastBranch":24,"lastFunction":9,"lastStatement":88,"seen":{"f:10:22:10:Infinity":0,"s:14:15:14:Infinity":0,"b:16:2:16:Infinity:undefined:undefined:undefined:undefined":0,"s:16:2:16:Infinity":1,"b:16:6:16:15:16:15:16:36":1,"s:16:36:16:Infinity":2,"s:18:23:18:Infinity":3,"f:18:47:18:48":1,"s:18:55:18:77":4,"s:19:2:19:Infinity":5,"b:19:24:19:45:19:45:19:Infinity":2,"f:28:22:28:Infinity":2,"s:32:15:32:Infinity":6,"b:34:2:34:Infinity:undefined:undefined:undefined:undefined":3,"s:34:2:34:Infinity":7,"b:34:6:34:15:34:15:34:33":4,"s:34:33:34:Infinity":8,"s:36:2:36:Infinity":9,"f:40:22:40:41":3,"s:41:2:57:Infinity":10,"s:42:19:42:Infinity":11,"s:43:24:43:Infinity":12,"b:45:4:47:Infinity:undefined:undefined:undefined:undefined":5,"s:45:4:47:Infinity":13,"s:46:6:46:Infinity":14,"b:48:4:50:Infinity:undefined:undefined:undefined:undefined":6,"s:48:4:50:Infinity":15,"s:49:6:49:Infinity":16,"s:52:18:52:Infinity":17,"s:53:4:53:Infinity":18,"s:55:4:55:Infinity":19,"s:56:4:56:Infinity":20,"f:61:22:61:43":4,"s:62:2:78:Infinity":21,"s:63:19:63:Infinity":22,"s:64:24:64:Infinity":23,"b:66:4:68:Infinity:undefined:undefined:undefined:undefined":7,"s:66:4:68:Infinity":24,"s:67:6:67:Infinity":25,"b:69:4:71:Infinity:undefined:undefined:undefined:undefined":8,"s:69:4:71:Infinity":26,"s:70:6:70:Infinity":27,"s:73:19:73:Infinity":28,"s:74:4:74:Infinity":29,"s:76:4:76:Infinity":30,"s:77:4:77:Infinity":31,"f:81:22:81:34":5,"s:82:2:103:Infinity":32,"s:83:18:83:Infinity":33,"b:84:4:86:Infinity:undefined:undefined:undefined:undefined":9,"s:84:4:86:Infinity":34,"b:84:8:84:14:84:14:84:37":10,"s:85:6:85:Infinity":35,"s:88:18:97:Infinity":36,"s:99:4:99:Infinity":37,"s:101:4:101:Infinity":38,"s:102:4:102:Infinity":39,"f:106:22:106:37":6,"s:107:2:122:Infinity":40,"s:108:19:108:Infinity":41,"b:109:4:109:Infinity:undefined:undefined:undefined:undefined":11,"s:109:4:109:Infinity":42,"s:109:13:109:Infinity":43,"s:111:17:111:Infinity":44,"b:112:4:112:Infinity:undefined:undefined:undefined:undefined":12,"s:112:4:112:Infinity":45,"s:112:15:112:Infinity":46,"s:114:4:118:Infinity":47,"s:120:4:120:Infinity":48,"s:121:4:121:Infinity":49,"f:125:22:125:40":7,"s:126:2:155:Infinity":50,"s:127:19:127:Infinity":51,"s:128:49:128:Infinity":52,"b:130:4:130:Infinity:undefined:undefined:undefined:undefined":13,"s:130:4:130:Infinity":53,"s:130:13:130:Infinity":54,"s:132:24:132:Infinity":55,"b:133:4:133:Infinity:undefined:undefined:undefined:undefined":14,"s:133:4:133:Infinity":56,"s:133:14:133:Infinity":57,"b:134:4:134:Infinity:undefined:undefined:undefined:undefined":15,"s:134:4:134:Infinity":58,"s:134:15:134:Infinity":59,"b:135:4:135:Infinity:undefined:undefined:undefined:undefined":16,"s:135:4:135:Infinity":60,"s:135:27:135:Infinity":61,"b:136:4:136:Infinity:undefined:undefined:undefined:undefined":17,"s:136:4:136:Infinity":62,"s:136:24:136:Infinity":63,"s:138:17:144:Infinity":64,"b:145:4:145:Infinity:undefined:undefined:undefined:undefined":18,"s:145:4:145:Infinity":65,"s:145:15:145:Infinity":66,"s:147:4:151:Infinity":67,"s:153:4:153:Infinity":68,"s:154:4:154:Infinity":69,"f:158:22:158:41":8,"s:159:2:193:Infinity":70,"s:160:19:160:Infinity":71,"s:165:8:165:Infinity":72,"b:167:4:167:Infinity:undefined:undefined:undefined:undefined":19,"s:167:4:167:Infinity":73,"s:167:13:167:Infinity":74,"s:169:24:169:Infinity":75,"b:170:4:171:Infinity:undefined:undefined:undefined:undefined":20,"s:170:4:171:Infinity":76,"s:171:6:171:Infinity":77,"b:172:4:172:Infinity:undefined:undefined:undefined:undefined":21,"s:172:4:172:Infinity":78,"s:172:28:172:Infinity":79,"b:173:4:174:Infinity:undefined:undefined:undefined:undefined":22,"s:173:4:174:Infinity":80,"s:174:6:174:Infinity":81,"s:176:17:182:Infinity":82,"b:183:4:183:Infinity:undefined:undefined:undefined:undefined":23,"s:183:4:183:Infinity":83,"s:183:15:183:Infinity":84,"s:185:4:189:Infinity":85,"s:191:4:191:Infinity":86,"s:192:4:192:Infinity":87}}}
,"C:\\Users\\cardo\\01_Desarrollo\\Proyectos_Personales\\veoveo\\packages\\server\\src\\features\\users\\user.model.ts": {"path":"C:\\Users\\cardo\\01_Desarrollo\\Proyectos_Personales\\veoveo\\packages\\server\\src\\features\\users\\user.model.ts","statementMap":{"0":{"start":{"line":82,"column":19},"end":{"line":181,"column":null}}},"fnMap":{},"branchMap":{},"s":{"0":1},"f":{},"b":{},"meta":{"lastBranch":0,"lastFunction":0,"lastStatement":1,"seen":{"s:82:19:181:Infinity":0}}}
,"C:\\Users\\cardo\\01_Desarrollo\\Proyectos_Personales\\veoveo\\packages\\server\\src\\features\\users\\user.routes.ts": {"path":"C:\\Users\\cardo\\01_Desarrollo\\Proyectos_Personales\\veoveo\\packages\\server\\src\\features\\users\\user.routes.ts","statementMap":{"0":{"start":{"line":38,"column":6},"end":{"line":38,"column":null}},"1":{"start":{"line":40,"column":0},"end":{"line":40,"column":null}},"2":{"start":{"line":42,"column":0},"end":{"line":42,"column":null}},"3":{"start":{"line":43,"column":0},"end":{"line":43,"column":null}},"4":{"start":{"line":44,"column":0},"end":{"line":44,"column":null}},"5":{"start":{"line":45,"column":0},"end":{"line":45,"column":null}},"6":{"start":{"line":48,"column":0},"end":{"line":48,"column":null}},"7":{"start":{"line":49,"column":0},"end":{"line":49,"column":null}},"8":{"start":{"line":50,"column":0},"end":{"line":50,"column":null}},"9":{"start":{"line":51,"column":0},"end":{"line":51,"column":null}},"10":{"start":{"line":52,"column":0},"end":{"line":52,"column":null}},"11":{"start":{"line":53,"column":0},"end":{"line":53,"column":null}},"12":{"start":{"line":56,"column":0},"end":{"line":56,"column":null}},"13":{"start":{"line":57,"column":0},"end":{"line":57,"column":null}},"14":{"start":{"line":58,"column":0},"end":{"line":58,"column":null}},"15":{"start":{"line":59,"column":0},"end":{"line":59,"column":null}},"16":{"start":{"line":60,"column":0},"end":{"line":60,"column":null}},"17":{"start":{"line":61,"column":0},"end":{"line":61,"column":null}},"18":{"start":{"line":62,"column":0},"end":{"line":62,"column":null}},"19":{"start":{"line":63,"column":0},"end":{"line":63,"column":null}},"20":{"start":{"line":66,"column":0},"end":{"line":66,"column":null}},"21":{"start":{"line":67,"column":0},"end":{"line":67,"column":null}},"22":{"start":{"line":68,"column":0},"end":{"line":68,"column":null}},"23":{"start":{"line":71,"column":0},"end":{"line":71,"column":null}},"24":{"start":{"line":72,"column":0},"end":{"line":72,"column":null}},"25":{"start":{"line":73,"column":0},"end":{"line":73,"column":null}}},"fnMap":{},"branchMap":{},"s":{"0":1,"1":1,"2":1,"3":1,"4":1,"5":1,"6":1,"7":1,"8":1,"9":1,"10":1,"11":1,"12":1,"13":1,"14":1,"15":1,"16":1,"17":1,"18":1,"19":1,"20":1,"21":1,"22":1,"23":1,"24":1,"25":1},"f":{},"b":{},"meta":{"lastBranch":0,"lastFunction":0,"lastStatement":26,"seen":{"s:38:6:38:Infinity":0,"s:40:0:40:Infinity":1,"s:42:0:42:Infinity":2,"s:43:0:43:Infinity":3,"s:44:0:44:Infinity":4,"s:45:0:45:Infinity":5,"s:48:0:48:Infinity":6,"s:49:0:49:Infinity":7,"s:50:0:50:Infinity":8,"s:51:0:51:Infinity":9,"s:52:0:52:Infinity":10,"s:53:0:53:Infinity":11,"s:56:0:56:Infinity":12,"s:57:0:57:Infinity":13,"s:58:0:58:Infinity":14,"s:59:0:59:Infinity":15,"s:60:0:60:Infinity":16,"s:61:0:61:Infinity":17,"s:62:0:62:Infinity":18,"s:63:0:63:Infinity":19,"s:66:0:66:Infinity":20,"s:67:0:67:Infinity":21,"s:68:0:68:Infinity":22,"s:71:0:71:Infinity":23,"s:72:0:72:Infinity":24,"s:73:0:73:Infinity":25}}}
,"C:\\Users\\cardo\\01_Desarrollo\\Proyectos_Personales\\veoveo\\packages\\server\\src\\features\\users\\user.schemas.ts": {"path":"C:\\Users\\cardo\\01_Desarrollo\\Proyectos_Personales\\veoveo\\packages\\server\\src\\features\\users\\user.schemas.ts","statementMap":{"0":{"start":{"line":3,"column":13},"end":{"line":17,"column":null}},"1":{"start":{"line":13,"column":22},"end":{"line":13,"column":62}},"2":{"start":{"line":19,"column":13},"end":{"line":24,"column":null}},"3":{"start":{"line":29,"column":13},"end":{"line":41,"column":null}},"4":{"start":{"line":38,"column":25},"end":{"line":38,"column":34}},"5":{"start":{"line":44,"column":6},"end":{"line":44,"column":null}},"6":{"start":{"line":46,"column":13},"end":{"line":53,"column":null}},"7":{"start":{"line":55,"column":13},"end":{"line":73,"column":null}}},"fnMap":{"0":{"name":"(anonymous_0)","decl":{"start":{"line":13,"column":12},"end":{"line":13,"column":13}},"loc":{"start":{"line":13,"column":22},"end":{"line":13,"column":62}},"line":13},"1":{"name":"(anonymous_1)","decl":{"start":{"line":38,"column":19},"end":{"line":38,"column":25}},"loc":{"start":{"line":38,"column":25},"end":{"line":38,"column":34}},"line":38}},"branchMap":{},"s":{"0":1,"1":0,"2":1,"3":1,"4":0,"5":1,"6":1,"7":1},"f":{"0":0,"1":0},"b":{},"meta":{"lastBranch":0,"lastFunction":2,"lastStatement":8,"seen":{"s:3:13:17:Infinity":0,"f:13:12:13:13":0,"s:13:22:13:62":1,"s:19:13:24:Infinity":2,"s:29:13:41:Infinity":3,"f:38:19:38:25":1,"s:38:25:38:34":4,"s:44:6:44:Infinity":5,"s:46:13:53:Infinity":6,"s:55:13:73:Infinity":7}}}
}
